<?xml version="1.0" encoding="utf-8"?>
<TestRun id="a52cae24-2ed0-41ea-8d7f-180418098c1c" name="@studio 2026-05-15 22:10:07" xmlns="http://microsoft.com/schemas/VisualStudio/TeamTest/2010">
  <Times creation="2026-05-15T22:10:07.5662510-07:00" queuing="2026-05-15T22:10:07.5662510-07:00" start="2026-05-15T22:10:07.1786670-07:00" finish="2026-05-15T22:11:05.9040410-07:00" />
  <TestSettings name="default" id="a93448e0-2f46-4474-aa3e-19770697e238">
    <Deployment runDeploymentRoot="_studio_2026-05-15_22_10_07" />
  </TestSettings>
  <Results>
    <UnitTestResult executionId="51d76c53-0069-4c3d-98ed-c5a38a10b211" testId="2e7ad063-d365-ec46-2b62-b0da596718f8" testName="Qos.Service.Tests.RazerFramingTests.Command_DefaultsTransactionIdTo0" computerName="studio" duration="00:00:00.0000426" startTime="2026-05-15T22:10:07.6422030-07:00" endTime="2026-05-15T22:10:07.6422250-07:00" testType="13cdc9d9-ddb5-4fa4-a97d-d965ccfc6d4b" outcome="Passed" testListId="8c84fa94-04c1-424b-9868-57a2d4851a1d" relativeResultsDirectory="51d76c53-0069-4c3d-98ed-c5a38a10b211" />
    <UnitTestResult executionId="c4fd543b-7637-43da-b17d-43e8b3840023" testId="e66a30e4-6d9d-7a10-9ee2-ecf1681cfb3b" testName="Qos.Service.Tests.Widgets.WidgetProxyServiceTests.Widget_supplied_user_agent_overrides_the_default" computerName="studio" duration="00:00:00.0065979" startTime="2026-05-15T22:10:07.6728400-07:00" endTime="2026-05-15T22:10:07.6787870-07:00" testType="13cdc9d9-ddb5-4fa4-a97d-d965ccfc6d4b" outcome="Passed" testListId="8c84fa94-04c1-424b-9868-57a2d4851a1d" relativeResultsDirectory="c4fd543b-7637-43da-b17d-43e8b3840023" />
    <UnitTestResult executionId="cbd6b3a6-bb29-45e1-8a6d-f7937dfb8aff" testId="e2c98fe0-924a-cff2-32cc-8538062e9b99" testName="Qos.Service.Tests.DeviceHandlerTests.Cnvs_does_not_falsely_match_random_vid" computerName="studio" duration="00:00:00.0000720" startTime="2026-05-15T22:10:07.7074010-07:00" endTime="2026-05-15T22:10:07.7074600-07:00" testType="13cdc9d9-ddb5-4fa4-a97d-d965ccfc6d4b" outcome="Passed" testListId="8c84fa94-04c1-424b-9868-57a2d4851a1d" relativeResultsDirectory="cbd6b3a6-bb29-45e1-8a6d-f7937dfb8aff" />
    <UnitTestResult executionId="a2044c52-beaf-4ff1-b3f0-dbdde42c7741" testId="5201a145-2e3f-0b60-722c-3204fd3cd8f9" testName="Qos.Service.Tests.ApiResponseTests.Fail_ReturnsError" computerName="studio" duration="00:00:00.0001829" startTime="2026-05-15T22:10:07.5982380-07:00" endTime="2026-05-15T22:10:07.5982680-07:00" testType="13cdc9d9-ddb5-4fa4-a97d-d965ccfc6d4b" outcome="Passed" testListId="8c84fa94-04c1-424b-9868-57a2d4851a1d" relativeResultsDirectory="a2044c52-beaf-4ff1-b3f0-dbdde42c7741" />
    <UnitTestResult executionId="e0101f0f-ea94-4c77-8643-acf0b96d4080" testId="9c7650b9-7281-7d5d-1231-65a0f2409a61" testName="Qos.Service.Tests.PnpUtilParserTests.Parse_IgnoresMalformedInstanceIds" computerName="studio" duration="00:00:00.0004298" startTime="2026-05-15T22:10:07.6299160-07:00" endTime="2026-05-15T22:10:07.6299750-07:00" testType="13cdc9d9-ddb5-4fa4-a97d-d965ccfc6d4b" outcome="Passed" testListId="8c84fa94-04c1-424b-9868-57a2d4851a1d" relativeResultsDirectory="e0101f0f-ea94-4c77-8643-acf0b96d4080" />
    <UnitTestResult executionId="fa0a41ad-5d1f-4d6f-b390-ab7d8e1fdb5e" testId="bd472243-86f5-1c16-54b5-ff8b6eb5cbd2" testName="Qos.Service.Tests.UsbEnumeratorTests.Linux_Missing_Sysfs_Root_Returns_Empty" computerName="studio" duration="00:00:00.0000522" startTime="2026-05-15T22:10:07.6723370-07:00" endTime="2026-05-15T22:10:07.6723570-07:00" testType="13cdc9d9-ddb5-4fa4-a97d-d965ccfc6d4b" outcome="Passed" testListId="8c84fa94-04c1-424b-9868-57a2d4851a1d" relativeResultsDirectory="fa0a41ad-5d1f-4d6f-b390-ab7d8e1fdb5e" />
    <UnitTestResult executionId="a387dcfc-448b-4a11-8249-296f79f07d34" testId="594a76ce-45b4-24d9-abe5-ffed28346709" testName="Qos.Service.Tests.OpenRgbProtocolTests.ReadHeader_ParsesWriteHeaderOutput" computerName="studio" duration="00:00:00.0039030" startTime="2026-05-15T22:10:07.6957160-07:00" endTime="2026-05-15T22:10:07.6990550-07:00" testType="13cdc9d9-ddb5-4fa4-a97d-d965ccfc6d4b" outcome="Passed" testListId="8c84fa94-04c1-424b-9868-57a2d4851a1d" relativeResultsDirectory="a387dcfc-448b-4a11-8249-296f79f07d34" />
    <UnitTestResult executionId="1b17b84e-661c-44e3-acec-e5a10d961cb8" testId="aef4aee7-48eb-3a60-469a-0ac9c41b0026" testName="Qos.Service.Tests.PanelPhonePairingServiceTests.Claim_KeepsDifferentRemoteAddressesSeparate" computerName="studio" duration="00:00:00.1228044" startTime="2026-05-15T22:10:08.6611110-07:00" endTime="2026-05-15T22:10:08.7837270-07:00" testType="13cdc9d9-ddb5-4fa4-a97d-d965ccfc6d4b" outcome="Passed" testListId="8c84fa94-04c1-424b-9868-57a2d4851a1d" relativeResultsDirectory="1b17b84e-661c-44e3-acec-e5a10d961cb8" />
    <UnitTestResult executionId="8e83872e-f618-4ceb-ae73-732cdfe8ede0" testId="987c4738-1d1d-2298-16f6-c562d00fe8d0" testName="Qos.Service.Tests.FirmwareStoreTests.GetDeviceDir_rejects_unsafe_device_types(deviceType: &quot; &quot;)" computerName="studio" duration="00:00:00.0001003" startTime="2026-05-15T22:10:07.6523470-07:00" endTime="2026-05-15T22:10:07.6523790-07:00" testType="13cdc9d9-ddb5-4fa4-a97d-d965ccfc6d4b" outcome="Passed" testListId="8c84fa94-04c1-424b-9868-57a2d4851a1d" relativeResultsDirectory="8e83872e-f618-4ceb-ae73-732cdfe8ede0" />
    <UnitTestResult executionId="4dd84379-f222-4189-a1d8-6323085adabf" testId="492528a4-3a32-3802-2737-e07861d05ea6" testName="Qos.Service.Tests.StubDisplayBrightnessProviderTests.SetBrightness_ReturnsUnsupportedResultForAnyId" computerName="studio" duration="00:00:00.0001792" startTime="2026-05-15T22:10:07.6516010-07:00" endTime="2026-05-15T22:10:07.6520020-07:00" testType="13cdc9d9-ddb5-4fa4-a97d-d965ccfc6d4b" outcome="Passed" testListId="8c84fa94-04c1-424b-9868-57a2d4851a1d" relativeResultsDirectory="4dd84379-f222-4189-a1d8-6323085adabf" />
    <UnitTestResult executionId="995651db-2d20-4cba-8cc3-5692ec48e827" testId="5351aee0-7808-a40c-2ed6-f50ea36ba96b" testName="Qos.Service.Tests.Integration.StartupLifecycleTests.Tick_WithFpsSubscriber_StartsAndBroadcastsFpsTopicOnly" computerName="studio" duration="00:00:00.0022283" startTime="2026-05-15T22:10:07.6555530-07:00" endTime="2026-05-15T22:10:07.6572600-07:00" testType="13cdc9d9-ddb5-4fa4-a97d-d965ccfc6d4b" outcome="Passed" testListId="8c84fa94-04c1-424b-9868-57a2d4851a1d" relativeResultsDirectory="995651db-2d20-4cba-8cc3-5692ec48e827" />
    <UnitTestResult executionId="58bab8cf-497b-4bf2-b52e-36f64de56848" testId="55fc3fc1-59d5-2ef1-136a-2d786f5e4d09" testName="Qos.Service.Tests.DisplayBrightnessControllerTests.SetBrightnessAsync_ClampsBeforeProviderWrite" computerName="studio" duration="00:00:00.0238512" startTime="2026-05-15T22:10:07.6778490-07:00" endTime="2026-05-15T22:10:07.6991410-07:00" testType="13cdc9d9-ddb5-4fa4-a97d-d965ccfc6d4b" outcome="Passed" testListId="8c84fa94-04c1-424b-9868-57a2d4851a1d" relativeResultsDirectory="58bab8cf-497b-4bf2-b52e-36f64de56848" />
    <UnitTestResult executionId="67e9433f-d33e-4fba-9751-07336e317a65" testId="c3e56ad0-f1ee-503c-52c3-540fa4cdac46" testName="Qos.Service.Tests.WsEnvelopeTests.Build_WithProcessFrame_ProducesValidEnvelope" computerName="studio" duration="00:00:00.0002671" startTime="2026-05-15T22:10:07.6856770-07:00" endTime="2026-05-15T22:10:07.6857440-07:00" testType="13cdc9d9-ddb5-4fa4-a97d-d965ccfc6d4b" outcome="Passed" testListId="8c84fa94-04c1-424b-9868-57a2d4851a1d" relativeResultsDirectory="67e9433f-d33e-4fba-9751-07336e317a65" />
    <UnitTestResult executionId="556530ef-5b34-4d74-840c-ea4910d40f62" testId="07e35600-f1a5-5a1f-2dc9-c13f4d6521a2" testName="Qos.Service.Tests.FanCalibrationLogicTests.Classify_Stalling_ZerosInRange" computerName="studio" duration="00:00:00.0001290" startTime="2026-05-15T22:10:07.7338910-07:00" endTime="2026-05-15T22:10:07.7339120-07:00" testType="13cdc9d9-ddb5-4fa4-a97d-d965ccfc6d4b" outcome="Passed" testListId="8c84fa94-04c1-424b-9868-57a2d4851a1d" relativeResultsDirectory="556530ef-5b34-4d74-840c-ea4910d40f62" />
    <UnitTestResult executionId="c7ba9018-49fd-497a-b2a3-44be9287f577" testId="dc6ef335-e68a-8a42-7d8e-30fd81500c0f" testName="Qos.Service.Tests.FanProfilesTests.DerivePresetFromCurves_AttachedFanIgnoresManualSpeedsEntry" computerName="studio" duration="00:00:00.0008803" startTime="2026-05-15T22:10:07.6740850-07:00" endTime="2026-05-15T22:10:07.6746600-07:00" testType="13cdc9d9-ddb5-4fa4-a97d-d965ccfc6d4b" outcome="Passed" testListId="8c84fa94-04c1-424b-9868-57a2d4851a1d" relativeResultsDirectory="c7ba9018-49fd-497a-b2a3-44be9287f577" />
    <UnitTestResult executionId="090c0863-06a7-4314-83bb-c6b5e446db89" testId="fba9956a-59f0-259e-b3d1-e83bf059504a" testName="Qos.Service.Tests.AuthRequestPolicyTests.SystemRoutes_MarksVolumeWritesAsPanelAllowed" computerName="studio" duration="00:00:00.0756307" startTime="2026-05-15T22:10:07.7021530-07:00" endTime="2026-05-15T22:10:07.7777140-07:00" testType="13cdc9d9-ddb5-4fa4-a97d-d965ccfc6d4b" outcome="Passed" testListId="8c84fa94-04c1-424b-9868-57a2d4851a1d" relativeResultsDirectory="090c0863-06a7-4314-83bb-c6b5e446db89" />
    <UnitTestResult executionId="b7ae3840-2e02-49b2-a204-3e1ff089c26b" testId="99e5ea56-11bd-b622-2164-24669ea2b71d" testName="Qos.Service.Tests.NetworkParsingTests.IsLoopbackOrUnspecified_True(foreignAddress: &quot;[::1]:443&quot;)" computerName="studio" duration="00:00:00.0000887" startTime="2026-05-15T22:10:07.6703950-07:00" endTime="2026-05-15T22:10:07.6704150-07:00" testType="13cdc9d9-ddb5-4fa4-a97d-d965ccfc6d4b" outcome="Passed" testListId="8c84fa94-04c1-424b-9868-57a2d4851a1d" relativeResultsDirectory="b7ae3840-2e02-49b2-a204-3e1ff089c26b" />
    <UnitTestResult executionId="d4bd0649-c766-4c6c-b465-2ceb634114d6" testId="429fb2b4-f4c7-1278-fd45-f8f1a6279115" testName="Qos.Service.Tests.FanProfilesTests.ApplySilent_DoesNotDeleteUserCurves" computerName="studio" duration="00:00:00.0020592" startTime="2026-05-15T22:10:07.6578530-07:00" endTime="2026-05-15T22:10:07.6597830-07:00" testType="13cdc9d9-ddb5-4fa4-a97d-d965ccfc6d4b" outcome="Passed" testListId="8c84fa94-04c1-424b-9868-57a2d4851a1d" relativeResultsDirectory="d4bd0649-c766-4c6c-b465-2ceb634114d6" />
    <UnitTestResult executionId="346892c6-d0df-45f5-a976-db0df014da3b" testId="ff74b944-204c-2f28-ef6e-86f435abf4fb" testName="Qos.Service.Tests.StubDisplayBrightnessProviderTests.GetBrightness_ReturnsNullForAnyId" computerName="studio" duration="00:00:00.0000908" startTime="2026-05-15T22:10:07.6511390-07:00" endTime="2026-05-15T22:10:07.6512640-07:00" testType="13cdc9d9-ddb5-4fa4-a97d-d965ccfc6d4b" outcome="Passed" testListId="8c84fa94-04c1-424b-9868-57a2d4851a1d" relativeResultsDirectory="346892c6-d0df-45f5-a976-db0df014da3b" />
    <UnitTestResult executionId="7717e703-5395-4799-baa2-d3782eebf589" testId="de9b40f2-8e70-faba-db21-58ce2f2ec1c4" testName="Qos.Service.Tests.Widgets.WidgetIdsTests.Rejects_invalid_or_dangerous_ids(id: &quot;double..dot&quot;)" computerName="studio" duration="00:00:00.0000006" startTime="2026-05-15T22:10:07.5639190-07:00" endTime="2026-05-15T22:10:07.5639390-07:00" testType="13cdc9d9-ddb5-4fa4-a97d-d965ccfc6d4b" outcome="Passed" testListId="8c84fa94-04c1-424b-9868-57a2d4851a1d" relativeResultsDirectory="7717e703-5395-4799-baa2-d3782eebf589" />
    <UnitTestResult executionId="bd187a10-2ff3-4d27-baa2-e30c00751e35" testId="1f4bafb0-4e03-3672-8366-a7ff908f86dc" testName="Qos.Service.Tests.JsonConfigStoreMigrationTests.Load_V2ToV3_UnwrapsPanelConfigWrappers" computerName="studio" duration="00:00:00.0722746" startTime="2026-05-15T22:10:07.5651420-07:00" endTime="2026-05-15T22:10:07.6180680-07:00" testType="13cdc9d9-ddb5-4fa4-a97d-d965ccfc6d4b" outcome="Passed" testListId="8c84fa94-04c1-424b-9868-57a2d4851a1d" relativeResultsDirectory="bd187a10-2ff3-4d27-baa2-e30c00751e35" />
    <UnitTestResult executionId="d722e2b9-ebd8-4d7a-aa76-28cf6247bb13" testId="03b72161-f850-1d9e-b6bb-4cb1ca20ed33" testName="Qos.Service.Tests.FirmwareStoreTests.GetDeviceDir_rejects_unsafe_device_types(deviceType: &quot;&quot;)" computerName="studio" duration="00:00:00.0001186" startTime="2026-05-15T22:10:07.6524130-07:00" endTime="2026-05-15T22:10:07.6527450-07:00" testType="13cdc9d9-ddb5-4fa4-a97d-d965ccfc6d4b" outcome="Passed" testListId="8c84fa94-04c1-424b-9868-57a2d4851a1d" relativeResultsDirectory="d722e2b9-ebd8-4d7a-aa76-28cf6247bb13" />
    <UnitTestResult executionId="14ea8962-3b20-4dbe-ba01-daec0eedc5c3" testId="8742f54d-e9d5-3745-8d46-e2b4c1a1e422" testName="Qos.Service.Tests.PanelPhonePairingServiceTests.GetSessions_ReportsIphoneForNativeIosUserAgent" computerName="studio" duration="00:00:00.0609239" startTime="2026-05-15T22:10:07.8764160-07:00" endTime="2026-05-15T22:10:07.9373280-07:00" testType="13cdc9d9-ddb5-4fa4-a97d-d965ccfc6d4b" outcome="Passed" testListId="8c84fa94-04c1-424b-9868-57a2d4851a1d" relativeResultsDirectory="14ea8962-3b20-4dbe-ba01-daec0eedc5c3" />
    <UnitTestResult executionId="ce80978f-5b81-4678-adf3-122bd49f9f08" testId="d4783c55-3342-6370-a687-51e0abfb8db7" testName="Qos.Service.Tests.NetworkParsingTests.ParseFullNettopOutput_SkipsMalformedLines" computerName="studio" duration="00:00:00.0029822" startTime="2026-05-15T22:10:07.6715920-07:00" endTime="2026-05-15T22:10:07.6741050-07:00" testType="13cdc9d9-ddb5-4fa4-a97d-d965ccfc6d4b" outcome="Passed" testListId="8c84fa94-04c1-424b-9868-57a2d4851a1d" relativeResultsDirectory="ce80978f-5b81-4678-adf3-122bd49f9f08" />
    <UnitTestResult executionId="663e47e1-7d9e-4b92-ace8-c44a1e354c85" testId="77a6e36a-01a8-8cf4-1b33-13423d1de000" testName="Qos.Service.Tests.ServiceLaunchIntentTests.ResolveServicePort_ReadsExplicitPort(url: &quot;http://0.0.0.0:9400&quot;, expectedPort: 9400)" computerName="studio" duration="00:00:00.0000982" startTime="2026-05-15T22:10:07.6538460-07:00" endTime="2026-05-15T22:10:07.6538720-07:00" testType="13cdc9d9-ddb5-4fa4-a97d-d965ccfc6d4b" outcome="Passed" testListId="8c84fa94-04c1-424b-9868-57a2d4851a1d" relativeResultsDirectory="663e47e1-7d9e-4b92-ace8-c44a1e354c85" />
    <UnitTestResult executionId="7351d2a4-412b-4c1a-b87a-b6ed2e424dc6" testId="3ff61ccd-fc98-8929-bff4-2fc7cda8bec9" testName="Qos.Service.Tests.Lighting.LedUvComputerTests.SingleZoneOnly_NoMatrix_ReturnsEmptyArrays" computerName="studio" duration="00:00:00.0000558" startTime="2026-05-15T22:10:07.6731120-07:00" endTime="2026-05-15T22:10:07.6731460-07:00" testType="13cdc9d9-ddb5-4fa4-a97d-d965ccfc6d4b" outcome="Passed" testListId="8c84fa94-04c1-424b-9868-57a2d4851a1d" relativeResultsDirectory="7351d2a4-412b-4c1a-b87a-b6ed2e424dc6" />
    <UnitTestResult executionId="dd0ceae5-2674-46f0-b205-032af5b479d0" testId="fb9144cd-ac35-580e-6846-e19dd0fb484a" testName="Qos.Service.Tests.Widgets.WidgetSettingsServiceTests.Apply_empty_patch_does_not_insert_a_hollow_config_block" computerName="studio" duration="00:00:00.1254373" startTime="2026-05-15T22:10:07.5486530-07:00" endTime="2026-05-15T22:10:07.6267820-07:00" testType="13cdc9d9-ddb5-4fa4-a97d-d965ccfc6d4b" outcome="Passed" testListId="8c84fa94-04c1-424b-9868-57a2d4851a1d" relativeResultsDirectory="dd0ceae5-2674-46f0-b205-032af5b479d0" />
    <UnitTestResult executionId="0bed9aa7-9c4c-4d68-b814-48e5390cf6ae" testId="7425d3ed-cba6-d865-1eb4-d3a2424fdaa2" testName="Qos.Service.Tests.SqliteScreenTimeStoreTests.DeleteRange_IsInclusive" computerName="studio" duration="00:00:00.0016945" startTime="2026-05-15T22:10:07.7533970-07:00" endTime="2026-05-15T22:10:07.7550440-07:00" testType="13cdc9d9-ddb5-4fa4-a97d-d965ccfc6d4b" outcome="Passed" testListId="8c84fa94-04c1-424b-9868-57a2d4851a1d" relativeResultsDirectory="0bed9aa7-9c4c-4d68-b814-48e5390cf6ae" />
    <UnitTestResult executionId="fd6c4284-1ebd-4074-9060-8b18f51f311f" testId="7bfaee6c-0391-d387-3624-44bb5d9db6be" testName="Qos.Service.Tests.RazerMousePeripheralTests.SetDpi_SendsCorrectBytesWithProfileTxid" computerName="studio" duration="00:00:00.0311746" startTime="2026-05-15T22:10:07.6267480-07:00" endTime="2026-05-15T22:10:07.6577210-07:00" testType="13cdc9d9-ddb5-4fa4-a97d-d965ccfc6d4b" outcome="Passed" testListId="8c84fa94-04c1-424b-9868-57a2d4851a1d" relativeResultsDirectory="fd6c4284-1ebd-4074-9060-8b18f51f311f" />
    <UnitTestResult executionId="b145bf77-e8e8-463c-aa15-e0283a51990b" testId="bd0fa77f-c7b4-3d8e-5ef8-8d75743ec351" testName="Qos.Service.Tests.BenchmarkTests.Scoring_Normalize_AtReference_ReturnsThousand" computerName="studio" duration="00:00:00.0001380" startTime="2026-05-15T22:10:25.8359160-07:00" endTime="2026-05-15T22:10:25.8359350-07:00" testType="13cdc9d9-ddb5-4fa4-a97d-d965ccfc6d4b" outcome="Passed" testListId="8c84fa94-04c1-424b-9868-57a2d4851a1d" relativeResultsDirectory="b145bf77-e8e8-463c-aa15-e0283a51990b" />
    <UnitTestResult executionId="2cf66cb3-cc93-40bf-8c11-b4da6f10497f" testId="3c3b3263-2eb2-aef3-48a2-d1322d83a74e" testName="Qos.Service.Tests.CorsairFactoryTests.TryCreate_ReturnsNullForUnsupportedPid" computerName="studio" duration="00:00:00.0000377" startTime="2026-05-15T22:10:07.6780530-07:00" endTime="2026-05-15T22:10:07.6780810-07:00" testType="13cdc9d9-ddb5-4fa4-a97d-d965ccfc6d4b" outcome="Passed" testListId="8c84fa94-04c1-424b-9868-57a2d4851a1d" relativeResultsDirectory="2cf66cb3-cc93-40bf-8c11-b4da6f10497f" />
    <UnitTestResult executionId="01e4efd4-17ee-48f6-91fd-4443c10b10f1" testId="2e50acf2-efb4-6fba-8acc-eec477267686" testName="Qos.Service.Tests.LightingProviderFastPathTests.SameEffectName_ReusesInstance_DoesNotReallocate" computerName="studio" duration="00:00:00.0884585" startTime="2026-05-15T22:10:07.7405650-07:00" endTime="2026-05-15T22:10:07.8253680-07:00" testType="13cdc9d9-ddb5-4fa4-a97d-d965ccfc6d4b" outcome="Passed" testListId="8c84fa94-04c1-424b-9868-57a2d4851a1d" relativeResultsDirectory="01e4efd4-17ee-48f6-91fd-4443c10b10f1" />
    <UnitTestResult executionId="14d90b18-8677-4260-a59b-226ec4db3fff" testId="f8a765dc-5ac7-6467-ac4d-17da492313ff" testName="Qos.Service.Tests.Activity.AudioAnalyserTests.Analyse_OnSineWave_LightsUpExpectedBand(frequencyHz: 8000, expectedBand: &quot;high&quot;)" computerName="studio" duration="00:00:00.0013635" startTime="2026-05-15T22:11:05.8616120-07:00" endTime="2026-05-15T22:11:05.8629610-07:00" testType="13cdc9d9-ddb5-4fa4-a97d-d965ccfc6d4b" outcome="Passed" testListId="8c84fa94-04c1-424b-9868-57a2d4851a1d" relativeResultsDirectory="14d90b18-8677-4260-a59b-226ec4db3fff" />
    <UnitTestResult executionId="3781e0e7-6922-49f3-8648-1d93c310decf" testId="74ea31ee-70bb-9a54-7cc4-0c0910814316" testName="Qos.Service.Tests.PanelPhonePairingServiceTests.Validate_HttpClaimedSession_RejectsRequestFromDifferentIp" computerName="studio" duration="00:00:00.0582856" startTime="2026-05-15T22:10:08.0044820-07:00" endTime="2026-05-15T22:10:08.0626470-07:00" testType="13cdc9d9-ddb5-4fa4-a97d-d965ccfc6d4b" outcome="Passed" testListId="8c84fa94-04c1-424b-9868-57a2d4851a1d" relativeResultsDirectory="3781e0e7-6922-49f3-8648-1d93c310decf" />
    <UnitTestResult executionId="81ef5901-1d51-4d5b-b78e-2555070d373b" testId="ff74c0b0-b65f-da23-19d4-da18e41748d6" testName="Qos.Service.Tests.Integration.AotJsonSafetyTests.CriticalType_IsRegistered_InAppJsonContext(type: typeof(Qos.Service.Activity.NetworkFrame))" computerName="studio" duration="00:00:00.0000011" startTime="2026-05-15T22:10:07.6654360-07:00" endTime="2026-05-15T22:10:07.6654560-07:00" testType="13cdc9d9-ddb5-4fa4-a97d-d965ccfc6d4b" outcome="Passed" testListId="8c84fa94-04c1-424b-9868-57a2d4851a1d" relativeResultsDirectory="81ef5901-1d51-4d5b-b78e-2555070d373b" />
    <UnitTestResult executionId="2de60fdb-d961-427e-b21a-d41c33632f0d" testId="c3999817-dca9-01ba-ff8b-cade5f72f38c" testName="Qos.Service.Tests.DependencyInjection.QosServiceCollectionExtensionsTests.Hub_singletons_resolve_once" computerName="studio" duration="00:00:00.0004815" startTime="2026-05-15T22:10:07.6936720-07:00" endTime="2026-05-15T22:10:07.6940590-07:00" testType="13cdc9d9-ddb5-4fa4-a97d-d965ccfc6d4b" outcome="Passed" testListId="8c84fa94-04c1-424b-9868-57a2d4851a1d" relativeResultsDirectory="2de60fdb-d961-427e-b21a-d41c33632f0d" />
    <UnitTestResult executionId="c5546f02-3624-44b7-a311-6be2c892f9ae" testId="ec586c96-7516-df96-bb88-6b1130b9d1e1" testName="Qos.Service.Tests.RazerMousePeripheralTests.Capabilities_IncludeBatteryAndSleepForWireless" computerName="studio" duration="00:00:00.0891562" startTime="2026-05-15T22:10:07.5485710-07:00" endTime="2026-05-15T22:10:07.5908980-07:00" testType="13cdc9d9-ddb5-4fa4-a97d-d965ccfc6d4b" outcome="Passed" testListId="8c84fa94-04c1-424b-9868-57a2d4851a1d" relativeResultsDirectory="c5546f02-3624-44b7-a311-6be2c892f9ae" />
    <UnitTestResult executionId="6eaba4e0-5cd8-4153-a735-8f5bb2b5e20b" testId="aeb7f530-0be7-21b3-0ad3-62a38882e901" testName="Qos.Service.Tests.LightingZoneTests.SetZoneLedCount_OnlyTouchesGivenId" computerName="studio" duration="00:00:00.0009843" startTime="2026-05-15T22:10:07.6185410-07:00" endTime="2026-05-15T22:10:07.6195410-07:00" testType="13cdc9d9-ddb5-4fa4-a97d-d965ccfc6d4b" outcome="Passed" testListId="8c84fa94-04c1-424b-9868-57a2d4851a1d" relativeResultsDirectory="6eaba4e0-5cd8-4153-a735-8f5bb2b5e20b" />
    <UnitTestResult executionId="3bf98b02-6b62-4b09-a90c-252a925c570c" testId="982ffa94-5afa-11d1-20fa-db8a65f1b2a3" testName="Qos.Service.Tests.DeviceHandlerTests.Cnvs_returns_empty_firmware_when_disconnected" computerName="studio" duration="00:00:00.0000523" startTime="2026-05-15T22:10:07.7012030-07:00" endTime="2026-05-15T22:10:07.7012240-07:00" testType="13cdc9d9-ddb5-4fa4-a97d-d965ccfc6d4b" outcome="Passed" testListId="8c84fa94-04c1-424b-9868-57a2d4851a1d" relativeResultsDirectory="3bf98b02-6b62-4b09-a90c-252a925c570c" />
    <UnitTestResult executionId="f09fa2b5-1b51-4cb2-8f10-5b31012a8751" testId="fcebb26d-ff92-8701-73bd-350e61a80aae" testName="Qos.Service.Tests.JsonConfigStoreTests.Load_HandlesCorruptedJson" computerName="studio" duration="00:00:00.0010605" startTime="2026-05-15T22:10:07.6341250-07:00" endTime="2026-05-15T22:10:07.6351490-07:00" testType="13cdc9d9-ddb5-4fa4-a97d-d965ccfc6d4b" outcome="Passed" testListId="8c84fa94-04c1-424b-9868-57a2d4851a1d" relativeResultsDirectory="f09fa2b5-1b51-4cb2-8f10-5b31012a8751" />
    <UnitTestResult executionId="c05e9fae-1ab5-417f-a6f6-309886883ba4" testId="416d022d-06a7-ab16-ff7d-b04ca8a06286" testName="Qos.Service.Tests.PnpUtilParserTests.Parse_SkipsNonUsbEntries" computerName="studio" duration="00:00:00.0000793" startTime="2026-05-15T22:10:07.6312390-07:00" endTime="2026-05-15T22:10:07.6312590-07:00" testType="13cdc9d9-ddb5-4fa4-a97d-d965ccfc6d4b" outcome="Passed" testListId="8c84fa94-04c1-424b-9868-57a2d4851a1d" relativeResultsDirectory="c05e9fae-1ab5-417f-a6f6-309886883ba4" />
    <UnitTestResult executionId="92f83313-42e7-4f14-82df-45db93c36afd" testId="69abc46b-41c7-218a-4c68-c79ab9cb9a38" testName="Qos.Service.Tests.Activity.AudioAnalyserTests.Analyse_OnSineWave_LightsUpExpectedBand(frequencyHz: 1500, expectedBand: &quot;mid&quot;)" computerName="studio" duration="00:00:00.0015254" startTime="2026-05-15T22:11:05.8600710-07:00" endTime="2026-05-15T22:11:05.8615760-07:00" testType="13cdc9d9-ddb5-4fa4-a97d-d965ccfc6d4b" outcome="Passed" testListId="8c84fa94-04c1-424b-9868-57a2d4851a1d" relativeResultsDirectory="92f83313-42e7-4f14-82df-45db93c36afd" />
    <UnitTestResult executionId="dd667b05-d7ad-4b08-9cd3-5a0b99eb7874" testId="6599131d-95a2-1d82-345f-8413bb325247" testName="Qos.Service.Tests.FanProfilesTests.SilentToCustom_RestoresSnapshot" computerName="studio" duration="00:00:00.0053980" startTime="2026-05-15T22:10:07.6600340-07:00" endTime="2026-05-15T22:10:07.6663210-07:00" testType="13cdc9d9-ddb5-4fa4-a97d-d965ccfc6d4b" outcome="Passed" testListId="8c84fa94-04c1-424b-9868-57a2d4851a1d" relativeResultsDirectory="dd667b05-d7ad-4b08-9cd3-5a0b99eb7874" />
    <UnitTestResult executionId="19bdecf0-9984-4807-8515-7d18729c8b61" testId="96207d9a-e8fc-7bc9-6ad2-c82315c9f3e4" testName="Qos.Service.Tests.TokenServiceTests.Token_IsGeneratedOnFirstRun" computerName="studio" duration="00:00:00.0000526" startTime="2026-05-15T22:10:07.7001610-07:00" endTime="2026-05-15T22:10:07.7002580-07:00" testType="13cdc9d9-ddb5-4fa4-a97d-d965ccfc6d4b" outcome="Passed" testListId="8c84fa94-04c1-424b-9868-57a2d4851a1d" relativeResultsDirectory="19bdecf0-9984-4807-8515-7d18729c8b61" />
    <UnitTestResult executionId="2be44b54-2bb0-49f0-926e-51686aa66438" testId="a68453a5-9f47-34ac-f469-d2d6ca74d362" testName="Qos.Service.Tests.CurveEvaluationTests.Graph_BetweenPoints_Interpolates" computerName="studio" duration="00:00:00.0001032" startTime="2026-05-15T22:10:07.7370780-07:00" endTime="2026-05-15T22:10:07.7371090-07:00" testType="13cdc9d9-ddb5-4fa4-a97d-d965ccfc6d4b" outcome="Passed" testListId="8c84fa94-04c1-424b-9868-57a2d4851a1d" relativeResultsDirectory="2be44b54-2bb0-49f0-926e-51686aa66438" />
    <UnitTestResult executionId="14d049d6-d660-4a9f-8be1-6f18f04a145c" testId="3d3be013-2c19-89da-4b27-ecd9933cc06b" testName="Qos.Service.Tests.Integration.ProfileSwitchTests.ExportProfileJson_RejectsIdsOutsideManifest(id: &quot;x/../../settings&quot;)" computerName="studio" duration="00:00:00.0022142" startTime="2026-05-15T22:10:07.7040090-07:00" endTime="2026-05-15T22:10:07.7060110-07:00" testType="13cdc9d9-ddb5-4fa4-a97d-d965ccfc6d4b" outcome="Passed" testListId="8c84fa94-04c1-424b-9868-57a2d4851a1d" relativeResultsDirectory="14d049d6-d660-4a9f-8be1-6f18f04a145c" />
    <UnitTestResult executionId="eebca3ed-e6ff-41a0-8342-a174f17c81ac" testId="942f089a-2572-9b1b-23db-597324b4a8ae" testName="Qos.Service.Tests.DeviceHandlerTests.Q60_and_Q80_have_distinct_ids" computerName="studio" duration="00:00:00.0000472" startTime="2026-05-15T22:10:07.7103020-07:00" endTime="2026-05-15T22:10:07.7103390-07:00" testType="13cdc9d9-ddb5-4fa4-a97d-d965ccfc6d4b" outcome="Passed" testListId="8c84fa94-04c1-424b-9868-57a2d4851a1d" relativeResultsDirectory="eebca3ed-e6ff-41a0-8342-a174f17c81ac" />
    <UnitTestResult executionId="5310bd5b-fd72-4e57-8c0b-ad49cdb2d130" testId="3da8160d-4404-65fd-abe2-3bcace2c8c49" testName="Qos.Service.Tests.PnpUtilParserTests.Parse_DedupesCompositeInterfaces_ByVidPidName" computerName="studio" duration="00:00:00.0000374" startTime="2026-05-15T22:10:07.6314590-07:00" endTime="2026-05-15T22:10:07.6315250-07:00" testType="13cdc9d9-ddb5-4fa4-a97d-d965ccfc6d4b" outcome="Passed" testListId="8c84fa94-04c1-424b-9868-57a2d4851a1d" relativeResultsDirectory="5310bd5b-fd72-4e57-8c0b-ad49cdb2d130" />
    <UnitTestResult executionId="91d4cee6-aa96-4e6f-906a-6f443ac3d5ca" testId="6d47ce0d-b71b-177d-7b96-9439189df226" testName="Qos.Service.Tests.Integration.AotJsonSafetyTests.CriticalType_IsRegistered_InAppJsonContext(type: typeof(Qos.Service.Models.Activity.AppUsage))" computerName="studio" duration="00:00:00.0000012" startTime="2026-05-15T22:10:07.6661650-07:00" endTime="2026-05-15T22:10:07.6661840-07:00" testType="13cdc9d9-ddb5-4fa4-a97d-d965ccfc6d4b" outcome="Passed" testListId="8c84fa94-04c1-424b-9868-57a2d4851a1d" relativeResultsDirectory="91d4cee6-aa96-4e6f-906a-6f443ac3d5ca" />
    <UnitTestResult executionId="62d59626-cd66-43d2-99c1-e50c575561de" testId="ab2d901b-2c87-159b-77f8-a9ae8650e790" testName="Qos.Service.Tests.FirmwareStoreTests.GetBinaryPath_rejects_unsafe_versions(version: &quot;1.0.0/../etc&quot;)" computerName="studio" duration="00:00:00.0004762" startTime="2026-05-15T22:10:07.6009010-07:00" endTime="2026-05-15T22:10:07.6013870-07:00" testType="13cdc9d9-ddb5-4fa4-a97d-d965ccfc6d4b" outcome="Passed" testListId="8c84fa94-04c1-424b-9868-57a2d4851a1d" relativeResultsDirectory="62d59626-cd66-43d2-99c1-e50c575561de" />
    <UnitTestResult executionId="5a778e7a-e399-4004-b81c-4839b7e83164" testId="8c42267e-687b-84e1-b780-3e3175f1e464" testName="Qos.Service.Tests.LightingPostProcessTests.CanvasBuffer_FlipY_MirrorsColumns" computerName="studio" duration="00:00:00.1008727" startTime="2026-05-15T22:10:07.5618240-07:00" endTime="2026-05-15T22:10:07.6273840-07:00" testType="13cdc9d9-ddb5-4fa4-a97d-d965ccfc6d4b" outcome="Passed" testListId="8c84fa94-04c1-424b-9868-57a2d4851a1d" relativeResultsDirectory="5a778e7a-e399-4004-b81c-4839b7e83164" />
    <UnitTestResult executionId="913d5b32-b2ec-41f2-872e-b896456bcb87" testId="d2884c61-fafc-01a6-99d1-84ddd1a674dd" testName="Qos.Service.Tests.Widgets.WidgetCodeSessionServiceTests.Token_is_base64url_with_no_padding_or_unsafe_chars" computerName="studio" duration="00:00:00.0020461" startTime="2026-05-15T22:10:07.7340370-07:00" endTime="2026-05-15T22:10:07.7354040-07:00" testType="13cdc9d9-ddb5-4fa4-a97d-d965ccfc6d4b" outcome="Passed" testListId="8c84fa94-04c1-424b-9868-57a2d4851a1d" relativeResultsDirectory="913d5b32-b2ec-41f2-872e-b896456bcb87" />
    <UnitTestResult executionId="cfc8900f-4153-489b-8a13-c9dbcd92d31a" testId="ce7d3b54-9a44-5bca-5cab-ebea9ec94b83" testName="Qos.Service.Tests.ServiceLaunchIntentTests.ResolveServiceUrl_DefaultsForProtocolOrBlankArgs(arg: &quot;QOS://open&quot;)" computerName="studio" duration="00:00:00.0000306" startTime="2026-05-15T22:10:07.6543180-07:00" endTime="2026-05-15T22:10:07.6543370-07:00" testType="13cdc9d9-ddb5-4fa4-a97d-d965ccfc6d4b" outcome="Passed" testListId="8c84fa94-04c1-424b-9868-57a2d4851a1d" relativeResultsDirectory="cfc8900f-4153-489b-8a13-c9dbcd92d31a" />
    <UnitTestResult executionId="00715bb9-f19c-4b1d-a010-d6300c33d32e" testId="946a27c6-150e-85d6-e1b9-df6dc45e82f3" testName="Qos.Service.Tests.Integration.ProfileSwitchTests.SwitchProfile_ReplacesCurvesInStore_AndNextTickWritesNewDuty" computerName="studio" duration="00:00:00.0134648" startTime="2026-05-15T22:10:07.7475140-07:00" endTime="2026-05-15T22:10:07.7606140-07:00" testType="13cdc9d9-ddb5-4fa4-a97d-d965ccfc6d4b" outcome="Passed" testListId="8c84fa94-04c1-424b-9868-57a2d4851a1d" relativeResultsDirectory="00715bb9-f19c-4b1d-a010-d6300c33d32e" />
    <UnitTestResult executionId="ad23964f-7cff-4017-a12b-966edba7584c" testId="a726a7af-e392-3aaf-9331-2375af30eeab" testName="Qos.Service.Tests.Widgets.WidgetCodeSessionServiceTests.Resolve_returns_null_for_unknown_token" computerName="studio" duration="00:00:00.0000257" startTime="2026-05-15T22:10:07.7356410-07:00" endTime="2026-05-15T22:10:07.7356620-07:00" testType="13cdc9d9-ddb5-4fa4-a97d-d965ccfc6d4b" outcome="Passed" testListId="8c84fa94-04c1-424b-9868-57a2d4851a1d" relativeResultsDirectory="ad23964f-7cff-4017-a12b-966edba7584c" />
    <UnitTestResult executionId="0dc98220-a77f-4118-838e-d24cf666041d" testId="35b0fd8d-7c19-6d75-996c-d29ae8d21055" testName="Qos.Service.Tests.FirmwareStoreTests.FetchRemoteManifestAsync_throws_on_http_error" computerName="studio" duration="00:00:00.0029825" startTime="2026-05-15T22:10:07.6307130-07:00" endTime="2026-05-15T22:10:07.6334760-07:00" testType="13cdc9d9-ddb5-4fa4-a97d-d965ccfc6d4b" outcome="Passed" testListId="8c84fa94-04c1-424b-9868-57a2d4851a1d" relativeResultsDirectory="0dc98220-a77f-4118-838e-d24cf666041d" />
    <UnitTestResult executionId="cf8e6d3e-2944-4ff1-84cd-29a63c8e9a49" testId="13b2441a-6e6c-d3bb-d808-1cbd183b7669" testName="Qos.Service.Tests.Widgets.WidgetCodeSessionServiceTests.Tokens_are_unique_across_calls" computerName="studio" duration="00:00:00.0002344" startTime="2026-05-15T22:10:07.7338120-07:00" endTime="2026-05-15T22:10:07.7339860-07:00" testType="13cdc9d9-ddb5-4fa4-a97d-d965ccfc6d4b" outcome="Passed" testListId="8c84fa94-04c1-424b-9868-57a2d4851a1d" relativeResultsDirectory="cf8e6d3e-2944-4ff1-84cd-29a63c8e9a49" />
    <UnitTestResult executionId="83cdc028-0742-4b72-ab94-2674822901d2" testId="55c33a83-f72a-bfdd-5c1e-da08a7bb69c9" testName="Qos.Service.Tests.StubDisplayBrightnessProviderTests.Hint_DefaultsToEmpty" computerName="studio" duration="00:00:00.0000352" startTime="2026-05-15T22:10:07.6515350-07:00" endTime="2026-05-15T22:10:07.6515550-07:00" testType="13cdc9d9-ddb5-4fa4-a97d-d965ccfc6d4b" outcome="Passed" testListId="8c84fa94-04c1-424b-9868-57a2d4851a1d" relativeResultsDirectory="83cdc028-0742-4b72-ab94-2674822901d2" />
    <UnitTestResult executionId="e144ecb8-8dce-4cd6-80be-67d1898bf08e" testId="bce51e5a-41d0-ad7e-c159-e952bd4acdc6" testName="Qos.Service.Tests.MultiplexHubSnapshotTests.TryGetTopicSnapshot_ReturnsProviderEnvelope" computerName="studio" duration="00:00:00.0001197" startTime="2026-05-15T22:10:07.6559020-07:00" endTime="2026-05-15T22:10:07.6559940-07:00" testType="13cdc9d9-ddb5-4fa4-a97d-d965ccfc6d4b" outcome="Passed" testListId="8c84fa94-04c1-424b-9868-57a2d4851a1d" relativeResultsDirectory="e144ecb8-8dce-4cd6-80be-67d1898bf08e" />
    <UnitTestResult executionId="858b62e1-d069-4e5d-8f09-cdc84e49f28e" testId="25e5094c-26da-757a-c9e6-8d45c63822b8" testName="Qos.Service.Tests.LightingEngineTests.CurrentEffectName_DefaultsToNone" computerName="studio" duration="00:00:00.0001194" startTime="2026-05-15T22:10:07.7342480-07:00" endTime="2026-05-15T22:10:07.7345790-07:00" testType="13cdc9d9-ddb5-4fa4-a97d-d965ccfc6d4b" outcome="Passed" testListId="8c84fa94-04c1-424b-9868-57a2d4851a1d" relativeResultsDirectory="858b62e1-d069-4e5d-8f09-cdc84e49f28e" />
    <UnitTestResult executionId="7539330b-4881-46e7-8e38-b86befbe8fe6" testId="dcb5d48a-2178-29d9-3b27-02d67c40f433" testName="Qos.Service.Tests.PeripheralCatalogTests.LightingDevicesCatalog_CategoriesAreReasonable_WhenPopulated" computerName="studio" duration="00:00:00.0001667" startTime="2026-05-15T22:10:07.5957900-07:00" endTime="2026-05-15T22:10:07.5958550-07:00" testType="13cdc9d9-ddb5-4fa4-a97d-d965ccfc6d4b" outcome="Passed" testListId="8c84fa94-04c1-424b-9868-57a2d4851a1d" relativeResultsDirectory="7539330b-4881-46e7-8e38-b86befbe8fe6" />
    <UnitTestResult executionId="05d39f0a-a1d6-4181-ae62-d7e44aa31f1e" testId="a04472df-6b7f-fb0b-5e86-77b2303b060e" testName="Qos.Service.Tests.NetworkParsingTests.ParseFullNettopOutput_EmptyInput_ReturnsEmpty" computerName="studio" duration="00:00:00.0048825" startTime="2026-05-15T22:10:07.6645270-07:00" endTime="2026-05-15T22:10:07.6699380-07:00" testType="13cdc9d9-ddb5-4fa4-a97d-d965ccfc6d4b" outcome="Passed" testListId="8c84fa94-04c1-424b-9868-57a2d4851a1d" relativeResultsDirectory="05d39f0a-a1d6-4181-ae62-d7e44aa31f1e" />
    <UnitTestResult executionId="9fad7acb-958d-48c2-ae7a-d51ce796742c" testId="66456f03-384e-d390-2c21-c6f7bd0c739e" testName="Qos.Service.Tests.Widgets.WidgetProxyServiceTests.Accepts_wildcard_subdomain_match" computerName="studio" duration="00:00:00.1322664" startTime="2026-05-15T22:10:07.5485970-07:00" endTime="2026-05-15T22:10:07.6327200-07:00" testType="13cdc9d9-ddb5-4fa4-a97d-d965ccfc6d4b" outcome="Passed" testListId="8c84fa94-04c1-424b-9868-57a2d4851a1d" relativeResultsDirectory="9fad7acb-958d-48c2-ae7a-d51ce796742c" />
    <UnitTestResult executionId="a774c16d-3ed8-47a8-8989-0bcd7bccb4ee" testId="f9cdbc05-72db-6e36-bc74-4c891719e30c" testName="Qos.Service.Tests.NetworkParsingTests.MergeByName_SortsByTotalDescending" computerName="studio" duration="00:00:00.0005787" startTime="2026-05-15T22:10:07.6746310-07:00" endTime="2026-05-15T22:10:07.6748340-07:00" testType="13cdc9d9-ddb5-4fa4-a97d-d965ccfc6d4b" outcome="Passed" testListId="8c84fa94-04c1-424b-9868-57a2d4851a1d" relativeResultsDirectory="a774c16d-3ed8-47a8-8989-0bcd7bccb4ee" />
    <UnitTestResult executionId="48e03d5c-e0e0-4db8-ad92-7d88d09950cd" testId="0ed6c589-de44-2a04-1c1c-374f5a4f556e" testName="Qos.Service.Tests.TokenServiceTests.Token_IsReusedFromExistingSettings" computerName="studio" duration="00:00:00.0001617" startTime="2026-05-15T22:10:07.6997590-07:00" endTime="2026-05-15T22:10:07.6998460-07:00" testType="13cdc9d9-ddb5-4fa4-a97d-d965ccfc6d4b" outcome="Passed" testListId="8c84fa94-04c1-424b-9868-57a2d4851a1d" relativeResultsDirectory="48e03d5c-e0e0-4db8-ad92-7d88d09950cd" />
    <UnitTestResult executionId="f1e4ed84-88d8-4c17-a7bb-9fbf5f9ecc1f" testId="b0b21b35-f2a4-de54-5f06-1214fea5a3e0" testName="Qos.Service.Tests.Widgets.WidgetInstallerTests.Catalogue_flips_to_installed_when_user_copy_lands" computerName="studio" duration="00:00:00.0019137" startTime="2026-05-15T22:10:07.6998320-07:00" endTime="2026-05-15T22:10:07.7010140-07:00" testType="13cdc9d9-ddb5-4fa4-a97d-d965ccfc6d4b" outcome="Passed" testListId="8c84fa94-04c1-424b-9868-57a2d4851a1d" relativeResultsDirectory="f1e4ed84-88d8-4c17-a7bb-9fbf5f9ecc1f" />
    <UnitTestResult executionId="b88a41ac-e966-4301-9e12-4937cac4f002" testId="6cf30180-9289-af7e-de7a-181734b1a99c" testName="Qos.Service.Tests.DependencyInjection.QosServiceCollectionExtensionsTests.Activity_resolves_core_providers" computerName="studio" duration="00:00:00.0419503" startTime="2026-05-15T22:10:07.7006730-07:00" endTime="2026-05-15T22:10:07.7420250-07:00" testType="13cdc9d9-ddb5-4fa4-a97d-d965ccfc6d4b" outcome="Passed" testListId="8c84fa94-04c1-424b-9868-57a2d4851a1d" relativeResultsDirectory="b88a41ac-e966-4301-9e12-4937cac4f002" />
    <UnitTestResult executionId="fb3b7d2d-53be-4136-9554-ff78cabda975" testId="0ea13e44-728a-e5cf-82eb-348861ca97a1" testName="Qos.Service.Tests.Integration.ProfileSwitchTests.ExportProfileJson_RejectsIdsOutsideManifest(id: &quot;../settings&quot;)" computerName="studio" duration="00:00:00.0020456" startTime="2026-05-15T22:10:07.7079530-07:00" endTime="2026-05-15T22:10:07.7102290-07:00" testType="13cdc9d9-ddb5-4fa4-a97d-d965ccfc6d4b" outcome="Passed" testListId="8c84fa94-04c1-424b-9868-57a2d4851a1d" relativeResultsDirectory="fb3b7d2d-53be-4136-9554-ff78cabda975" />
    <UnitTestResult executionId="4d236c20-fb10-4b25-9399-fc281fe23aed" testId="5bffa2de-4f6b-c41b-11c2-d09e55b291b9" testName="Qos.Service.Tests.FanCalibrationLogicTests.Classify_Controllable_NoStall" computerName="studio" duration="00:00:00.0000775" startTime="2026-05-15T22:10:07.7109040-07:00" endTime="2026-05-15T22:10:07.7109280-07:00" testType="13cdc9d9-ddb5-4fa4-a97d-d965ccfc6d4b" outcome="Passed" testListId="8c84fa94-04c1-424b-9868-57a2d4851a1d" relativeResultsDirectory="4d236c20-fb10-4b25-9399-fc281fe23aed" />
    <UnitTestResult executionId="7fcc79ba-101f-41d2-a082-d5f099feded6" testId="9d81c13f-827e-03a4-f1de-b90c98bd9e9f" testName="Qos.Service.Tests.PanelPhonePairingServiceTests.Validate_NullContext_StillSucceedsForHttpsClaim" computerName="studio" duration="00:00:00.0671423" startTime="2026-05-15T22:10:08.5936200-07:00" endTime="2026-05-15T22:10:08.6608600-07:00" testType="13cdc9d9-ddb5-4fa4-a97d-d965ccfc6d4b" outcome="Passed" testListId="8c84fa94-04c1-424b-9868-57a2d4851a1d" relativeResultsDirectory="7fcc79ba-101f-41d2-a082-d5f099feded6" />
    <UnitTestResult executionId="0c1f03ed-6019-4345-8eea-57e78b21be2b" testId="bbf9edea-fe73-38df-a2f2-3d9660d0d94a" testName="Qos.Service.Tests.PnpUtilParserTests.Parse_CapturesLocationInfo" computerName="studio" duration="00:00:00.0001063" startTime="2026-05-15T22:10:07.6313850-07:00" endTime="2026-05-15T22:10:07.6314120-07:00" testType="13cdc9d9-ddb5-4fa4-a97d-d965ccfc6d4b" outcome="Passed" testListId="8c84fa94-04c1-424b-9868-57a2d4851a1d" relativeResultsDirectory="0c1f03ed-6019-4345-8eea-57e78b21be2b" />
    <UnitTestResult executionId="5e67cf78-c512-496b-856a-a17f9c3fe79f" testId="6bffcb8e-9de3-eb6e-1bd8-229668d38b35" testName="Qos.Service.Tests.NetworkProviderTests.MacNetworkProvider_GetSnapshot_IsReadOnly" computerName="studio" duration="00:00:00.0006562" startTime="2026-05-15T22:10:07.5985200-07:00" endTime="2026-05-15T22:10:07.5991490-07:00" testType="13cdc9d9-ddb5-4fa4-a97d-d965ccfc6d4b" outcome="Passed" testListId="8c84fa94-04c1-424b-9868-57a2d4851a1d" relativeResultsDirectory="5e67cf78-c512-496b-856a-a17f9c3fe79f" />
    <UnitTestResult executionId="c7b9350a-fbe0-40c0-9a72-43034c73ebc9" testId="af996c29-b7a9-c629-462d-da944eccf200" testName="Qos.Service.Tests.MediaLibrarySecurityTests.IsValidId_BlocksPathTraversalIds(id: &quot;nested\\path&quot;)" computerName="studio" duration="00:00:00.0000005" startTime="2026-05-15T22:10:07.7458780-07:00" endTime="2026-05-15T22:10:07.7458980-07:00" testType="13cdc9d9-ddb5-4fa4-a97d-d965ccfc6d4b" outcome="Passed" testListId="8c84fa94-04c1-424b-9868-57a2d4851a1d" relativeResultsDirectory="c7b9350a-fbe0-40c0-9a72-43034c73ebc9" />
    <UnitTestResult executionId="62386535-ed74-4b13-b36a-076e18917624" testId="c40b5039-e067-b203-d261-86f174366afa" testName="Qos.Service.Tests.Integration.AotJsonSafetyTests.CriticalType_IsRegistered_InAppJsonContext(type: typeof(Qos.Service.Models.Sensors.HardwareComponent))" computerName="studio" duration="00:00:00.0000014" startTime="2026-05-15T22:10:07.6652640-07:00" endTime="2026-05-15T22:10:07.6652860-07:00" testType="13cdc9d9-ddb5-4fa4-a97d-d965ccfc6d4b" outcome="Passed" testListId="8c84fa94-04c1-424b-9868-57a2d4851a1d" relativeResultsDirectory="62386535-ed74-4b13-b36a-076e18917624" />
    <UnitTestResult executionId="a97d29ae-9e78-495a-9906-b1c4709cf54a" testId="313b751d-bc41-943c-76bd-20d15fc4bac1" testName="Qos.Service.Tests.ApiResponseTests.Ok_ReturnsNoError" computerName="studio" duration="00:00:00.0000307" startTime="2026-05-15T22:10:07.5983310-07:00" endTime="2026-05-15T22:10:07.5983530-07:00" testType="13cdc9d9-ddb5-4fa4-a97d-d965ccfc6d4b" outcome="Passed" testListId="8c84fa94-04c1-424b-9868-57a2d4851a1d" relativeResultsDirectory="a97d29ae-9e78-495a-9906-b1c4709cf54a" />
    <UnitTestResult executionId="7e5e7a51-6b0b-4f80-b739-ec54c19d48f9" testId="225a4905-584b-0273-563d-f20687c40fc3" testName="Qos.Service.Tests.FirmwareStoreTests.GetBinaryPath_accepts_extension_with_or_without_dot" computerName="studio" duration="00:00:00.0003590" startTime="2026-05-15T22:10:07.6829010-07:00" endTime="2026-05-15T22:10:07.6829370-07:00" testType="13cdc9d9-ddb5-4fa4-a97d-d965ccfc6d4b" outcome="Passed" testListId="8c84fa94-04c1-424b-9868-57a2d4851a1d" relativeResultsDirectory="7e5e7a51-6b0b-4f80-b739-ec54c19d48f9" />
    <UnitTestResult executionId="859a553b-958f-4b70-a82b-1c92a1924ccf" testId="0616db2d-0836-3e7f-f6b0-7cf4483daf11" testName="Qos.Service.Tests.Activity.AudioAnalyserTests.Analyse_VolumeCurve_IsPerceptual" computerName="studio" duration="00:00:00.0024340" startTime="2026-05-15T22:11:05.8653200-07:00" endTime="2026-05-15T22:11:05.8677440-07:00" testType="13cdc9d9-ddb5-4fa4-a97d-d965ccfc6d4b" outcome="Passed" testListId="8c84fa94-04c1-424b-9868-57a2d4851a1d" relativeResultsDirectory="859a553b-958f-4b70-a82b-1c92a1924ccf" />
    <UnitTestResult executionId="7afa29ab-7da8-46bb-9fb7-5aec14e39ed9" testId="3f632a8b-7d3e-385f-7c7e-054c1d0d3ce5" testName="Qos.Service.Tests.Widgets.WidgetSettingsServiceTests.Apply_set_then_reset_overlap_reset_wins" computerName="studio" duration="00:00:00.0035599" startTime="2026-05-15T22:10:07.6295590-07:00" endTime="2026-05-15T22:10:07.6333760-07:00" testType="13cdc9d9-ddb5-4fa4-a97d-d965ccfc6d4b" outcome="Passed" testListId="8c84fa94-04c1-424b-9868-57a2d4851a1d" relativeResultsDirectory="7afa29ab-7da8-46bb-9fb7-5aec14e39ed9" />
    <UnitTestResult executionId="2247f83f-271d-43a9-8731-e3f9b580f7f5" testId="3711277b-fe87-aeac-ab69-b884b8465088" testName="Qos.Service.Tests.PanelPhonePairingServiceTests.RenameSession_UpdatesAuthorizedDeviceName" computerName="studio" duration="00:00:00.0668847" startTime="2026-05-15T22:10:07.9374930-07:00" endTime="2026-05-15T22:10:08.0043240-07:00" testType="13cdc9d9-ddb5-4fa4-a97d-d965ccfc6d4b" outcome="Passed" testListId="8c84fa94-04c1-424b-9868-57a2d4851a1d" relativeResultsDirectory="2247f83f-271d-43a9-8731-e3f9b580f7f5" />
    <UnitTestResult executionId="14707748-2b16-485b-a0ad-30c7c885ffb7" testId="edcba72a-87fb-c745-1c1a-49c5fbf051be" testName="Qos.Service.Tests.WebSocketHubTests.BroadcastBinaryAsync_ROM_ReturnsCompletedTask_WhenNoClients" computerName="studio" duration="00:00:00.0000699" startTime="2026-05-15T22:10:07.7425350-07:00" endTime="2026-05-15T22:10:07.7425570-07:00" testType="13cdc9d9-ddb5-4fa4-a97d-d965ccfc6d4b" outcome="Passed" testListId="8c84fa94-04c1-424b-9868-57a2d4851a1d" relativeResultsDirectory="14707748-2b16-485b-a0ad-30c7c885ffb7" />
    <UnitTestResult executionId="30fb938a-4371-485c-a264-fb92f939a059" testId="ca8d7ca2-f09f-c106-1c61-ea1706fea927" testName="Qos.Service.Tests.DeviceHandlerTests.Every_handler_has_at_least_one_identifier(handler: KeebHandler { Category = &quot;keyboard&quot;, Id = &quot;keeb&quot;, Identifiers = [Qos.Service.Devices.UsbId, Qos.Service.Devices.UsbId], Name = &quot;Keyboard&quot; })" computerName="studio" duration="00:00:00.0000012" startTime="2026-05-15T22:10:07.7072200-07:00" endTime="2026-05-15T22:10:07.7072410-07:00" testType="13cdc9d9-ddb5-4fa4-a97d-d965ccfc6d4b" outcome="Passed" testListId="8c84fa94-04c1-424b-9868-57a2d4851a1d" relativeResultsDirectory="30fb938a-4371-485c-a264-fb92f939a059" />
    <UnitTestResult executionId="56facef1-81d6-4ece-9598-6446e7ad8db3" testId="f2aeb203-4786-1076-907a-bbf052611bb0" testName="Qos.Service.Tests.PanelDeviceRegistryTests.MigrateLegacyPanelDevices_IsIdempotent" computerName="studio" duration="00:00:00.0001164" startTime="2026-05-15T22:10:07.6931300-07:00" endTime="2026-05-15T22:10:07.6932050-07:00" testType="13cdc9d9-ddb5-4fa4-a97d-d965ccfc6d4b" outcome="Passed" testListId="8c84fa94-04c1-424b-9868-57a2d4851a1d" relativeResultsDirectory="56facef1-81d6-4ece-9598-6446e7ad8db3" />
    <UnitTestResult executionId="469987ba-58d1-44f5-908d-33a8566ecd67" testId="830ca50f-fd26-1737-fa6f-61d9732571e9" testName="Qos.Service.Tests.DeviceHandlerTests.Every_handler_detects_each_of_its_own_identifiers(handler: FanHubHandler { Category = &quot;hub&quot;, Id = &quot;fan-hub&quot;, Identifiers = [Qos.Service.Devices.UsbId, Qos.Service.Devices.UsbId], Name = &quot;Fan Hub&quot; })" computerName="studio" duration="00:00:00.0000045" startTime="2026-05-15T22:10:07.7095100-07:00" endTime="2026-05-15T22:10:07.7095360-07:00" testType="13cdc9d9-ddb5-4fa4-a97d-d965ccfc6d4b" outcome="Passed" testListId="8c84fa94-04c1-424b-9868-57a2d4851a1d" relativeResultsDirectory="469987ba-58d1-44f5-908d-33a8566ecd67" />
    <UnitTestResult executionId="cc73374c-ff8c-46f9-9219-9cbea03e4495" testId="1ca28de2-5677-76c3-7f72-73bdae71336c" testName="Qos.Service.Tests.PanelPhonePairingServiceTests.CreatePairQr_EmitsHttpPortForBrowserFallback" computerName="studio" duration="00:00:00.0380013" startTime="2026-05-15T22:10:08.7839220-07:00" endTime="2026-05-15T22:10:08.8218650-07:00" testType="13cdc9d9-ddb5-4fa4-a97d-d965ccfc6d4b" outcome="Passed" testListId="8c84fa94-04c1-424b-9868-57a2d4851a1d" relativeResultsDirectory="cc73374c-ff8c-46f9-9219-9cbea03e4495" />
    <UnitTestResult executionId="21b47e6f-5eef-469f-89d5-902e2af66727" testId="97f21400-0743-2f1f-2cbd-c13aa25a6aed" testName="Qos.Service.Tests.ScreenTimeTrackingTests.DayBreakdown_DefaultsAreSafe" computerName="studio" duration="00:00:00.0039608" startTime="2026-05-15T22:10:07.6615690-07:00" endTime="2026-05-15T22:10:07.6663920-07:00" testType="13cdc9d9-ddb5-4fa4-a97d-d965ccfc6d4b" outcome="Passed" testListId="8c84fa94-04c1-424b-9868-57a2d4851a1d" relativeResultsDirectory="21b47e6f-5eef-469f-89d5-902e2af66727" />
    <UnitTestResult executionId="b3b2259d-8eed-4cb3-8a1c-824c6cf4e9ad" testId="41f6c9dc-374b-d4cd-95d8-7dc9a1537ead" testName="Qos.Service.Tests.BenchmarkTests.Ram_ProducesPositiveScore" computerName="studio" duration="00:00:08.0942768" startTime="2026-05-15T22:10:07.6786150-07:00" endTime="2026-05-15T22:10:15.7730990-07:00" testType="13cdc9d9-ddb5-4fa4-a97d-d965ccfc6d4b" outcome="Passed" testListId="8c84fa94-04c1-424b-9868-57a2d4851a1d" relativeResultsDirectory="b3b2259d-8eed-4cb3-8a1c-824c6cf4e9ad" />
    <UnitTestResult executionId="e0701c30-1175-45f4-bd17-a317b271ac24" testId="2427f4b7-6b27-3ad8-508c-6af15ec9dca5" testName="Qos.Service.Tests.CurveEvaluationTests.Linear_BelowMin_ReturnsMinSpeed" computerName="studio" duration="00:00:00.0023471" startTime="2026-05-15T22:10:07.7345510-07:00" endTime="2026-05-15T22:10:07.7359300-07:00" testType="13cdc9d9-ddb5-4fa4-a97d-d965ccfc6d4b" outcome="Passed" testListId="8c84fa94-04c1-424b-9868-57a2d4851a1d" relativeResultsDirectory="e0701c30-1175-45f4-bd17-a317b271ac24" />
    <UnitTestResult executionId="73f43d32-e63e-4f86-822c-502673230156" testId="0bb44e74-699a-2ad5-1615-6ecd00b8a4df" testName="Qos.Service.Tests.Lighting.LedUvComputerTests.EmptyDevice_ReturnsEmptyArrays" computerName="studio" duration="00:00:00.0002264" startTime="2026-05-15T22:10:07.6736830-07:00" endTime="2026-05-15T22:10:07.6737910-07:00" testType="13cdc9d9-ddb5-4fa4-a97d-d965ccfc6d4b" outcome="Passed" testListId="8c84fa94-04c1-424b-9868-57a2d4851a1d" relativeResultsDirectory="73f43d32-e63e-4f86-822c-502673230156" />
    <UnitTestResult executionId="b52bf21a-d4fa-4c4c-bc46-010e2098bb2a" testId="c83edb3b-4e9c-1c8c-aa64-d1474db98ac5" testName="Qos.Service.Tests.AuthRequestPolicyTests.SpaShellFallback_AllowsUnmatchedSameOriginHtmlNavigation" computerName="studio" duration="00:00:00.0210581" startTime="2026-05-15T22:10:07.7777970-07:00" endTime="2026-05-15T22:10:07.7988270-07:00" testType="13cdc9d9-ddb5-4fa4-a97d-d965ccfc6d4b" outcome="Passed" testListId="8c84fa94-04c1-424b-9868-57a2d4851a1d" relativeResultsDirectory="b52bf21a-d4fa-4c4c-bc46-010e2098bb2a" />
    <UnitTestResult executionId="4368d240-0d9a-408c-a061-6515ec432b99" testId="90061ed0-2cb5-7ed7-f3dd-a1e0934f1b17" testName="Qos.Service.Tests.PanelPhonePairingServiceTests.CreatePairQr_HttpPortTracksServicePortNotHttpsPort" computerName="studio" duration="00:00:00.0356628" startTime="2026-05-15T22:10:08.8310020-07:00" endTime="2026-05-15T22:10:08.8666520-07:00" testType="13cdc9d9-ddb5-4fa4-a97d-d965ccfc6d4b" outcome="Passed" testListId="8c84fa94-04c1-424b-9868-57a2d4851a1d" relativeResultsDirectory="4368d240-0d9a-408c-a061-6515ec432b99" />
    <UnitTestResult executionId="0034d511-c215-4b8d-aad0-0f571c46a636" testId="5f6102ec-1794-4f11-4e22-163de95bb84a" testName="Qos.Service.Tests.SqliteScreenTimeStoreTests.DeleteDay_RemovesOnlyThatDay" computerName="studio" duration="00:00:00.0014951" startTime="2026-05-15T22:10:07.7585150-07:00" endTime="2026-05-15T22:10:07.7599570-07:00" testType="13cdc9d9-ddb5-4fa4-a97d-d965ccfc6d4b" outcome="Passed" testListId="8c84fa94-04c1-424b-9868-57a2d4851a1d" relativeResultsDirectory="0034d511-c215-4b8d-aad0-0f571c46a636" />
    <UnitTestResult executionId="eb359a2e-7445-4c6e-8528-67b0a3869c5a" testId="800e2bb2-991f-aa94-09ee-8788bd5b4700" testName="Qos.Service.Tests.DeviceFrameTests.Clear_ZerosAllLeds" computerName="studio" duration="00:00:00.0208635" startTime="2026-05-15T22:10:07.5486670-07:00" endTime="2026-05-15T22:10:07.5492650-07:00" testType="13cdc9d9-ddb5-4fa4-a97d-d965ccfc6d4b" outcome="Passed" testListId="8c84fa94-04c1-424b-9868-57a2d4851a1d" relativeResultsDirectory="eb359a2e-7445-4c6e-8528-67b0a3869c5a" />
    <UnitTestResult executionId="0e7b4f53-29fc-4422-8374-548d93137358" testId="5dae603d-bc91-22ac-0fa1-d44a2fa05d1c" testName="Qos.Service.Tests.Widgets.WidgetCodeSessionServiceTests.Create_returns_token_that_resolves_to_widget_id" computerName="studio" duration="00:00:00.0002641" startTime="2026-05-15T22:10:07.7337130-07:00" endTime="2026-05-15T22:10:07.7337390-07:00" testType="13cdc9d9-ddb5-4fa4-a97d-d965ccfc6d4b" outcome="Passed" testListId="8c84fa94-04c1-424b-9868-57a2d4851a1d" relativeResultsDirectory="0e7b4f53-29fc-4422-8374-548d93137358" />
    <UnitTestResult executionId="6ae2f4d2-131a-44cd-bd96-91ca6233486c" testId="69066e37-133d-9391-fc03-03b4d07b1e20" testName="Qos.Service.Tests.RazerMouseProfilesTests.ByPid_HasReasonableCount" computerName="studio" duration="00:00:00.0000559" startTime="2026-05-15T22:10:07.6583970-07:00" endTime="2026-05-15T22:10:07.6584150-07:00" testType="13cdc9d9-ddb5-4fa4-a97d-d965ccfc6d4b" outcome="Passed" testListId="8c84fa94-04c1-424b-9868-57a2d4851a1d" relativeResultsDirectory="6ae2f4d2-131a-44cd-bd96-91ca6233486c" />
    <UnitTestResult executionId="d2756753-9709-43c6-adf6-3836a4065ee6" testId="0664aa44-5a6e-0739-4bb7-c3b7eace47e6" testName="Qos.Service.Tests.NetworkParsingTests.IsLoopbackOrUnspecified_False(foreignAddress: &quot;142.250.80.46:443&quot;)" computerName="studio" duration="00:00:00.0000241" startTime="2026-05-15T22:10:07.6793860-07:00" endTime="2026-05-15T22:10:07.6794060-07:00" testType="13cdc9d9-ddb5-4fa4-a97d-d965ccfc6d4b" outcome="Passed" testListId="8c84fa94-04c1-424b-9868-57a2d4851a1d" relativeResultsDirectory="d2756753-9709-43c6-adf6-3836a4065ee6" />
    <UnitTestResult executionId="0bb78759-ab69-4418-8787-a7ef08188ca4" testId="47230e24-a6a5-63fc-9cd3-c1b5386bb5f9" testName="Qos.Service.Tests.CurveEvaluationTests.Flat_ReturnsConfiguredSpeed" computerName="studio" duration="00:00:00.0000978" startTime="2026-05-15T22:10:07.7405160-07:00" endTime="2026-05-15T22:10:07.7405800-07:00" testType="13cdc9d9-ddb5-4fa4-a97d-d965ccfc6d4b" outcome="Passed" testListId="8c84fa94-04c1-424b-9868-57a2d4851a1d" relativeResultsDirectory="0bb78759-ab69-4418-8787-a7ef08188ca4" />
    <UnitTestResult executionId="c1f9fc1f-49d6-4efd-846b-e4cc74073073" testId="f346b68f-096f-6357-3f6a-26465e9b1183" testName="Qos.Service.Tests.FanCalibrationLogicTests.IsStable_AllowsAbsoluteFloor" computerName="studio" duration="00:00:00.0000323" startTime="2026-05-15T22:10:07.7341080-07:00" endTime="2026-05-15T22:10:07.7341280-07:00" testType="13cdc9d9-ddb5-4fa4-a97d-d965ccfc6d4b" outcome="Passed" testListId="8c84fa94-04c1-424b-9868-57a2d4851a1d" relativeResultsDirectory="c1f9fc1f-49d6-4efd-846b-e4cc74073073" />
    <UnitTestResult executionId="0d6de33f-27a7-461e-91d8-a27ae98fe415" testId="0fb2e874-a28e-c7bc-7b34-fabd6c59dc64" testName="Qos.Service.Tests.Widgets.WidgetSettingsServiceTests.Get_returns_empty_doc_for_unknown_instance_id" computerName="studio" duration="00:00:00.0042596" startTime="2026-05-15T22:10:07.6334390-07:00" endTime="2026-05-15T22:10:07.6372510-07:00" testType="13cdc9d9-ddb5-4fa4-a97d-d965ccfc6d4b" outcome="Passed" testListId="8c84fa94-04c1-424b-9868-57a2d4851a1d" relativeResultsDirectory="0d6de33f-27a7-461e-91d8-a27ae98fe415" />
    <UnitTestResult executionId="e97164f3-c361-4b52-9d6b-a7abe183f4e4" testId="877e5161-9662-d80e-4585-d21359212f60" testName="Qos.Service.Tests.LightingZoneTests.SetZoneLedCount_PersistsInStore" computerName="studio" duration="00:00:00.0006336" startTime="2026-05-15T22:10:07.6196340-07:00" endTime="2026-05-15T22:10:07.6200930-07:00" testType="13cdc9d9-ddb5-4fa4-a97d-d965ccfc6d4b" outcome="Passed" testListId="8c84fa94-04c1-424b-9868-57a2d4851a1d" relativeResultsDirectory="e97164f3-c361-4b52-9d6b-a7abe183f4e4" />
    <UnitTestResult executionId="8517cd70-88c6-4304-b29b-a18cba0db552" testId="ac415279-2bd4-f86c-b051-be84c996c2af" testName="Qos.Service.Tests.FirmwareStoreTests.LoadLocalManifestAsync_returns_null_when_file_is_corrupt" computerName="studio" duration="00:00:00.0034896" startTime="2026-05-15T22:10:07.6875110-07:00" endTime="2026-05-15T22:10:07.6913500-07:00" testType="13cdc9d9-ddb5-4fa4-a97d-d965ccfc6d4b" outcome="Passed" testListId="8c84fa94-04c1-424b-9868-57a2d4851a1d" relativeResultsDirectory="8517cd70-88c6-4304-b29b-a18cba0db552" />
    <UnitTestResult executionId="76e79bda-8ec9-48a7-99ab-1e43c44d978f" testId="b1923dc8-05bc-d2ad-fe02-90350c16cddd" testName="Qos.Service.Tests.Widgets.WidgetProxyServiceTests.Json_body_is_decoded_into_Body" computerName="studio" duration="00:00:00.0189479" startTime="2026-05-15T22:10:07.6370070-07:00" endTime="2026-05-15T22:10:07.6571210-07:00" testType="13cdc9d9-ddb5-4fa4-a97d-d965ccfc6d4b" outcome="Passed" testListId="8c84fa94-04c1-424b-9868-57a2d4851a1d" relativeResultsDirectory="76e79bda-8ec9-48a7-99ab-1e43c44d978f" />
    <UnitTestResult executionId="9628d607-1eac-473f-81cb-6e993050aeca" testId="c4dafddc-2140-9fce-b09a-f45345cbf34f" testName="Qos.Service.Tests.ServiceLaunchIntentTests.ResolveServiceUrl_DefaultsWhenNoArgs" computerName="studio" duration="00:00:00.0000802" startTime="2026-05-15T22:10:07.6542520-07:00" endTime="2026-05-15T22:10:07.6542710-07:00" testType="13cdc9d9-ddb5-4fa4-a97d-d965ccfc6d4b" outcome="Passed" testListId="8c84fa94-04c1-424b-9868-57a2d4851a1d" relativeResultsDirectory="9628d607-1eac-473f-81cb-6e993050aeca" />
    <UnitTestResult executionId="5fd6b6bc-937e-40dd-932e-075b02a7eb3e" testId="0af4b4f0-84d8-6a45-62ff-3928e4d6ac15" testName="Qos.Service.Tests.CurveEvaluationTests.Graph_AboveLastPoint_ReturnsLastSpeed" computerName="studio" duration="00:00:00.0000982" startTime="2026-05-15T22:10:07.7415450-07:00" endTime="2026-05-15T22:10:07.7415670-07:00" testType="13cdc9d9-ddb5-4fa4-a97d-d965ccfc6d4b" outcome="Passed" testListId="8c84fa94-04c1-424b-9868-57a2d4851a1d" relativeResultsDirectory="5fd6b6bc-937e-40dd-932e-075b02a7eb3e" />
    <UnitTestResult executionId="1cbeea84-469d-4169-b412-af457847b243" testId="be5d84dc-e75c-36fa-c3df-84282a981901" testName="Qos.Service.Tests.UsbEnumeratorTests.Windows_Falls_Back_To_DeviceDescription_When_BusReported_Missing" computerName="studio" duration="00:00:00.0000872" startTime="2026-05-15T22:10:07.6556240-07:00" endTime="2026-05-15T22:10:07.6556430-07:00" testType="13cdc9d9-ddb5-4fa4-a97d-d965ccfc6d4b" outcome="Passed" testListId="8c84fa94-04c1-424b-9868-57a2d4851a1d" relativeResultsDirectory="1cbeea84-469d-4169-b412-af457847b243" />
    <UnitTestResult executionId="9b387e06-12b0-4117-84c4-d9b236de0cac" testId="d139a095-3978-0689-f916-4bc1ceb24ba3" testName="Qos.Service.Tests.SqliteScreenTimeStoreTests.SessionAcrossMidnight_BucketsToStartDay" computerName="studio" duration="00:00:00.0012355" startTime="2026-05-15T22:10:07.7646940-07:00" endTime="2026-05-15T22:10:07.7658850-07:00" testType="13cdc9d9-ddb5-4fa4-a97d-d965ccfc6d4b" outcome="Passed" testListId="8c84fa94-04c1-424b-9868-57a2d4851a1d" relativeResultsDirectory="9b387e06-12b0-4117-84c4-d9b236de0cac" />
    <UnitTestResult executionId="a42316d3-1e89-4441-81e4-01ab110f6248" testId="962beac5-68f4-0f92-1ddb-d862825dc61c" testName="Qos.Service.Tests.DependencyInjection.QosServiceCollectionExtensionsTests.Devices_resolves_manager_and_handlers" computerName="studio" duration="00:00:00.0003260" startTime="2026-05-15T22:10:07.7476330-07:00" endTime="2026-05-15T22:10:07.7478160-07:00" testType="13cdc9d9-ddb5-4fa4-a97d-d965ccfc6d4b" outcome="Passed" testListId="8c84fa94-04c1-424b-9868-57a2d4851a1d" relativeResultsDirectory="a42316d3-1e89-4441-81e4-01ab110f6248" />
    <UnitTestResult executionId="69255c8d-0829-4969-8ddd-b1179b5edb71" testId="08043806-c287-2714-caac-f3016247bca7" testName="Qos.Service.Tests.PanelPhonePairingServiceTests.GetSessions_SerializesAuthorizedDevicesWithAppJsonContext" computerName="studio" duration="00:00:00.1037229" startTime="2026-05-15T22:10:07.7726060-07:00" endTime="2026-05-15T22:10:07.8762960-07:00" testType="13cdc9d9-ddb5-4fa4-a97d-d965ccfc6d4b" outcome="Passed" testListId="8c84fa94-04c1-424b-9868-57a2d4851a1d" relativeResultsDirectory="69255c8d-0829-4969-8ddd-b1179b5edb71" />
    <UnitTestResult executionId="193906c2-fe06-471c-bd22-c9953620e1b0" testId="8fe43a0f-d0ee-dccd-9ccd-5be2a2ac302d" testName="Qos.Service.Tests.NetworkProviderTests.StubProvider_GetSnapshot_ReturnsEmpty" computerName="studio" duration="00:00:00.0003132" startTime="2026-05-15T22:10:07.5984400-07:00" endTime="2026-05-15T22:10:07.5984640-07:00" testType="13cdc9d9-ddb5-4fa4-a97d-d965ccfc6d4b" outcome="Passed" testListId="8c84fa94-04c1-424b-9868-57a2d4851a1d" relativeResultsDirectory="193906c2-fe06-471c-bd22-c9953620e1b0" />
    <UnitTestResult executionId="36f5f022-47e9-40ce-baf9-f2fb001aeacc" testId="7047c46c-44a4-8621-5443-2c37ea5f25ad" testName="Qos.Service.Tests.PnpUtilParserTests.Parse_FiltersRootHubs" computerName="studio" duration="00:00:00.0003384" startTime="2026-05-15T22:10:07.6301650-07:00" endTime="2026-05-15T22:10:07.6307290-07:00" testType="13cdc9d9-ddb5-4fa4-a97d-d965ccfc6d4b" outcome="Passed" testListId="8c84fa94-04c1-424b-9868-57a2d4851a1d" relativeResultsDirectory="36f5f022-47e9-40ce-baf9-f2fb001aeacc" />
    <UnitTestResult executionId="a7fc4b7e-2a98-4de5-8b44-01d1f35c0fc5" testId="c308ebef-a2e1-b62a-8338-55df06219e98" testName="Qos.Service.Tests.FirmwareStoreTests.SaveLocalManifestAsync_round_trips_through_LoadLocalManifestAsync" computerName="studio" duration="00:00:00.0038685" startTime="2026-05-15T22:10:07.6834980-07:00" endTime="2026-05-15T22:10:07.6874580-07:00" testType="13cdc9d9-ddb5-4fa4-a97d-d965ccfc6d4b" outcome="Passed" testListId="8c84fa94-04c1-424b-9868-57a2d4851a1d" relativeResultsDirectory="a7fc4b7e-2a98-4de5-8b44-01d1f35c0fc5" />
    <UnitTestResult executionId="e67674c9-7880-4b6e-929e-7edb3eb36920" testId="826fc007-af24-9a2c-7a5e-fa473be90948" testName="Qos.Service.Tests.Widgets.WidgetSettingsServiceTests.Apply_reset_drops_back_to_manifest_default" computerName="studio" duration="00:00:00.0034684" startTime="2026-05-15T22:10:07.6373220-07:00" endTime="2026-05-15T22:10:07.6407730-07:00" testType="13cdc9d9-ddb5-4fa4-a97d-d965ccfc6d4b" outcome="Passed" testListId="8c84fa94-04c1-424b-9868-57a2d4851a1d" relativeResultsDirectory="e67674c9-7880-4b6e-929e-7edb3eb36920" />
    <UnitTestResult executionId="69c6c034-8192-4cc8-813b-010803c7307a" testId="51a18557-b526-306d-02ae-1bceebe694d1" testName="Qos.Service.Tests.ServiceLogTests.Console_write_after_init_appears_in_log_file" computerName="studio" duration="00:00:00.0002201" startTime="2026-05-15T22:10:07.6572400-07:00" endTime="2026-05-15T22:10:07.6573270-07:00" testType="13cdc9d9-ddb5-4fa4-a97d-d965ccfc6d4b" outcome="Passed" testListId="8c84fa94-04c1-424b-9868-57a2d4851a1d" relativeResultsDirectory="69c6c034-8192-4cc8-813b-010803c7307a" />
    <UnitTestResult executionId="539f334e-67b8-4c24-a32c-f07a0251e5f6" testId="fc5cea7e-79e4-8294-4065-82375dd0dfe9" testName="Qos.Service.Tests.Widgets.WidgetSettingsServiceTests.Reset_only_removes_the_config_block_when_no_overrides_remain" computerName="studio" duration="00:00:00.0027563" startTime="2026-05-15T22:10:07.6576860-07:00" endTime="2026-05-15T22:10:07.6593830-07:00" testType="13cdc9d9-ddb5-4fa4-a97d-d965ccfc6d4b" outcome="Passed" testListId="8c84fa94-04c1-424b-9868-57a2d4851a1d" relativeResultsDirectory="539f334e-67b8-4c24-a32c-f07a0251e5f6" />
    <UnitTestResult executionId="dbdb8070-ed79-41ff-8e31-4ccaa0942f8b" testId="befb60ed-2519-13a8-6a1e-c5750052c1b4" testName="Qos.Service.Tests.NetworkParsingTests.IsLoopbackOrUnspecified_True(foreignAddress: &quot;*:*&quot;)" computerName="studio" duration="00:00:00.0000007" startTime="2026-05-15T22:10:07.6705610-07:00" endTime="2026-05-15T22:10:07.6705800-07:00" testType="13cdc9d9-ddb5-4fa4-a97d-d965ccfc6d4b" outcome="Passed" testListId="8c84fa94-04c1-424b-9868-57a2d4851a1d" relativeResultsDirectory="dbdb8070-ed79-41ff-8e31-4ccaa0942f8b" />
    <UnitTestResult executionId="97e2cb9d-8449-484e-a26c-df38ddb71407" testId="ae59db7d-5cc3-0790-bb74-3b175ada9e51" testName="Qos.Service.Tests.Integration.StartupLifecycleTests.Tick_WithExtrasSubscriber_BroadcastsExtrasTopicOnly" computerName="studio" duration="00:00:00.0213018" startTime="2026-05-15T22:10:07.6326400-07:00" endTime="2026-05-15T22:10:07.6552820-07:00" testType="13cdc9d9-ddb5-4fa4-a97d-d965ccfc6d4b" outcome="Passed" testListId="8c84fa94-04c1-424b-9868-57a2d4851a1d" relativeResultsDirectory="97e2cb9d-8449-484e-a26c-df38ddb71407" />
    <UnitTestResult executionId="242afef1-8826-403a-a8ed-9d46c5c01abc" testId="19485928-a3a1-cacc-3606-78b8dfee749e" testName="Qos.Service.Tests.NetworkParsingTests.ParseNettopLine_ExtractsFields" computerName="studio" duration="00:00:00.0000894" startTime="2026-05-15T22:10:07.6700830-07:00" endTime="2026-05-15T22:10:07.6702460-07:00" testType="13cdc9d9-ddb5-4fa4-a97d-d965ccfc6d4b" outcome="Passed" testListId="8c84fa94-04c1-424b-9868-57a2d4851a1d" relativeResultsDirectory="242afef1-8826-403a-a8ed-9d46c5c01abc" />
    <UnitTestResult executionId="4e96509d-5200-4e34-9ca5-87347347c69b" testId="1bc66972-de8a-4a1f-25d4-54038ecef7ec" testName="Qos.Service.Tests.DependencyInjection.QosServiceCollectionExtensionsTests.Core_resolves_token_and_config_store" computerName="studio" duration="00:00:00.0203488" startTime="2026-05-15T22:10:07.6739110-07:00" endTime="2026-05-15T22:10:07.6933860-07:00" testType="13cdc9d9-ddb5-4fa4-a97d-d965ccfc6d4b" outcome="Passed" testListId="8c84fa94-04c1-424b-9868-57a2d4851a1d" relativeResultsDirectory="4e96509d-5200-4e34-9ca5-87347347c69b" />
    <UnitTestResult executionId="2a241293-637e-4ece-892e-248969d64e38" testId="f5622292-ce98-a9b1-ea57-68b15a376b99" testName="Qos.Service.Tests.DeviceDetectionTests.GetAll_WithSubsetOfHandlers_ReturnsCorrectCount" computerName="studio" duration="00:00:00.0011872" startTime="2026-05-15T22:10:07.7039210-07:00" endTime="2026-05-15T22:10:07.7041800-07:00" testType="13cdc9d9-ddb5-4fa4-a97d-d965ccfc6d4b" outcome="Passed" testListId="8c84fa94-04c1-424b-9868-57a2d4851a1d" relativeResultsDirectory="2a241293-637e-4ece-892e-248969d64e38" />
    <UnitTestResult executionId="f89048fa-8723-42fd-b9dd-26be538c93d5" testId="2b896afa-3f60-0e03-69ac-0736b8b66e60" testName="Qos.Service.Tests.OpenRgbProtocolTests.RgbColor_ScaleHalfHalvesChannels" computerName="studio" duration="00:00:00.0002284" startTime="2026-05-15T22:10:07.6951670-07:00" endTime="2026-05-15T22:10:07.6951920-07:00" testType="13cdc9d9-ddb5-4fa4-a97d-d965ccfc6d4b" outcome="Passed" testListId="8c84fa94-04c1-424b-9868-57a2d4851a1d" relativeResultsDirectory="f89048fa-8723-42fd-b9dd-26be538c93d5" />
    <UnitTestResult executionId="ee466e2f-7f87-4fdb-963a-b6bccc43b824" testId="039090a6-7ae6-f11f-7e3f-351d6cbb39ea" testName="Qos.Service.Tests.NetworkParsingTests.IsLoopbackOrUnspecified_True(foreignAddress: &quot;127.255.255.255:80&quot;)" computerName="studio" duration="00:00:00.0000006" startTime="2026-05-15T22:10:07.6712980-07:00" endTime="2026-05-15T22:10:07.6713250-07:00" testType="13cdc9d9-ddb5-4fa4-a97d-d965ccfc6d4b" outcome="Passed" testListId="8c84fa94-04c1-424b-9868-57a2d4851a1d" relativeResultsDirectory="ee466e2f-7f87-4fdb-963a-b6bccc43b824" />
    <UnitTestResult executionId="c42d5b53-4940-4129-a755-11358fa0be7d" testId="55fe1229-e83f-7a98-89db-ec857d3e3e47" testName="Qos.Service.Tests.PanelPhonePairingServiceTests.SetRemoteControlEnabled_FalseRefusesNewClaims" computerName="studio" duration="00:00:00.0885625" startTime="2026-05-15T22:10:08.2366360-07:00" endTime="2026-05-15T22:10:08.3247480-07:00" testType="13cdc9d9-ddb5-4fa4-a97d-d965ccfc6d4b" outcome="Passed" testListId="8c84fa94-04c1-424b-9868-57a2d4851a1d" relativeResultsDirectory="c42d5b53-4940-4129-a755-11358fa0be7d" />
    <UnitTestResult executionId="d456b41d-9024-457d-9b39-7700d93cf013" testId="7e987a26-71be-39e4-a141-4262d0a80e66" testName="Qos.Service.Tests.FpsCalculatorTests.AddFrameTicks_ComputesStableFpsFromPresentIntervals" computerName="studio" duration="00:00:00.0005772" startTime="2026-05-15T22:10:07.6401800-07:00" endTime="2026-05-15T22:10:07.6406700-07:00" testType="13cdc9d9-ddb5-4fa4-a97d-d965ccfc6d4b" outcome="Passed" testListId="8c84fa94-04c1-424b-9868-57a2d4851a1d" relativeResultsDirectory="d456b41d-9024-457d-9b39-7700d93cf013" />
    <UnitTestResult executionId="944d858b-30fd-4f39-9d59-04a8413a4303" testId="bd1845c7-3aeb-56bd-ba3e-ef9d2f232a22" testName="Qos.Service.Tests.DeviceHandlerTests.Every_handler_returns_false_for_empty_device_list(handler: Q60Handler { Category = &quot;display&quot;, Id = &quot;q60&quot;, Identifiers = [Qos.Service.Devices.UsbId], Name = &quot;Q60&quot; })" computerName="studio" duration="00:00:00.0000435" startTime="2026-05-15T22:10:07.7079890-07:00" endTime="2026-05-15T22:10:07.7080080-07:00" testType="13cdc9d9-ddb5-4fa4-a97d-d965ccfc6d4b" outcome="Passed" testListId="8c84fa94-04c1-424b-9868-57a2d4851a1d" relativeResultsDirectory="944d858b-30fd-4f39-9d59-04a8413a4303" />
    <UnitTestResult executionId="3742beda-58f6-491f-985e-e1df223523b6" testId="bbb9d7eb-70a5-2cf3-53a2-8741010328dc" testName="Qos.Service.Tests.Integration.StartupLifecycleTests.Tick_WithMonitoringSubscriber_BroadcastsCompositeFrame" computerName="studio" duration="00:00:00.0036179" startTime="2026-05-15T22:10:07.6778390-07:00" endTime="2026-05-15T22:10:07.6788530-07:00" testType="13cdc9d9-ddb5-4fa4-a97d-d965ccfc6d4b" outcome="Passed" testListId="8c84fa94-04c1-424b-9868-57a2d4851a1d" relativeResultsDirectory="3742beda-58f6-491f-985e-e1df223523b6" />
    <UnitTestResult executionId="d18c58fe-e82d-423f-a29f-2f68ac7a2238" testId="03dde04a-8312-1c72-f44b-e819e56d08cf" testName="Qos.Service.Tests.ShellExecutorTests.Run_returns_empty_string_when_binary_missing" computerName="studio" duration="00:00:00.0007308" startTime="2026-05-15T22:10:07.5573830-07:00" endTime="2026-05-15T22:10:07.5575920-07:00" testType="13cdc9d9-ddb5-4fa4-a97d-d965ccfc6d4b" outcome="Passed" testListId="8c84fa94-04c1-424b-9868-57a2d4851a1d" relativeResultsDirectory="d18c58fe-e82d-423f-a29f-2f68ac7a2238" />
    <UnitTestResult executionId="971a51c8-7a82-4039-83fb-7f900734f6d7" testId="58e48081-c27d-e357-7b10-3a2b46232a84" testName="Qos.Service.Tests.MediaArtworkCacheKeyTests.Build_ChangesWhenTrackIdentityChanges(title: &quot;Song&quot;, artist: &quot;Next Artist&quot;, album: &quot;Album&quot;)" computerName="studio" duration="00:00:00.0000699" startTime="2026-05-15T22:10:07.6529280-07:00" endTime="2026-05-15T22:10:07.6529470-07:00" testType="13cdc9d9-ddb5-4fa4-a97d-d965ccfc6d4b" outcome="Passed" testListId="8c84fa94-04c1-424b-9868-57a2d4851a1d" relativeResultsDirectory="971a51c8-7a82-4039-83fb-7f900734f6d7" />
    <UnitTestResult executionId="87a1edd7-cdc5-4e22-ada8-8f0884cbff04" testId="9fdf2440-7634-fd32-9647-d00b3e3f0d60" testName="Qos.Service.Tests.ServiceLaunchIntentTests.ResolveServiceUrl_DefaultsForProtocolOrBlankArgs(arg: &quot;&quot;)" computerName="studio" duration="00:00:00.0000006" startTime="2026-05-15T22:10:07.6544720-07:00" endTime="2026-05-15T22:10:07.6544900-07:00" testType="13cdc9d9-ddb5-4fa4-a97d-d965ccfc6d4b" outcome="Passed" testListId="8c84fa94-04c1-424b-9868-57a2d4851a1d" relativeResultsDirectory="87a1edd7-cdc5-4e22-ada8-8f0884cbff04" />
    <UnitTestResult executionId="f309293b-3c14-43e9-a946-85fda3940506" testId="a4fea680-74b4-e238-a45f-9aa8933da773" testName="Qos.Service.Tests.DeviceDetectionTests.GetAll_WithEmptyUsbList_AllDevicesDisconnected" computerName="studio" duration="00:00:00.0005782" startTime="2026-05-15T22:10:07.7059810-07:00" endTime="2026-05-15T22:10:07.7060650-07:00" testType="13cdc9d9-ddb5-4fa4-a97d-d965ccfc6d4b" outcome="Passed" testListId="8c84fa94-04c1-424b-9868-57a2d4851a1d" relativeResultsDirectory="f309293b-3c14-43e9-a946-85fda3940506" />
    <UnitTestResult executionId="1569c26c-ba68-4563-9cc9-ca0939ebcbe0" testId="d98aa367-baad-35a5-ab99-b53d26a31851" testName="Qos.Service.Tests.Lighting.LedUvComputerTests.Perimeter_MidpointEdge_InterpolatesCorrectly" computerName="studio" duration="00:00:00.0002888" startTime="2026-05-15T22:10:07.6720970-07:00" endTime="2026-05-15T22:10:07.6721340-07:00" testType="13cdc9d9-ddb5-4fa4-a97d-d965ccfc6d4b" outcome="Passed" testListId="8c84fa94-04c1-424b-9868-57a2d4851a1d" relativeResultsDirectory="1569c26c-ba68-4563-9cc9-ca0939ebcbe0" />
    <UnitTestResult executionId="ded0220a-23c2-4bb8-ac59-701fd57cb28f" testId="e047992a-1970-c7f3-6fdf-6bda0a3312ba" testName="Qos.Service.Tests.LightingEngineTests.Stop_EmitsBlankFrame" computerName="studio" duration="00:00:00.0148922" startTime="2026-05-15T22:10:07.7346340-07:00" endTime="2026-05-15T22:10:07.7499040-07:00" testType="13cdc9d9-ddb5-4fa4-a97d-d965ccfc6d4b" outcome="Passed" testListId="8c84fa94-04c1-424b-9868-57a2d4851a1d" relativeResultsDirectory="ded0220a-23c2-4bb8-ac59-701fd57cb28f" />
    <UnitTestResult executionId="656af3a4-585b-4d79-9449-9b3d5de0620f" testId="799e23b8-6fa1-1d7d-d7a8-f2913d2e9488" testName="Qos.Service.Tests.Widgets.WidgetIdsTests.Accepts_reverse_dns_lowercase_ids(id: &quot;com.nexusqos.cpu-temp&quot;)" computerName="studio" duration="00:00:00.0000005" startTime="2026-05-15T22:10:07.5649430-07:00" endTime="2026-05-15T22:10:07.5649620-07:00" testType="13cdc9d9-ddb5-4fa4-a97d-d965ccfc6d4b" outcome="Passed" testListId="8c84fa94-04c1-424b-9868-57a2d4851a1d" relativeResultsDirectory="656af3a4-585b-4d79-9449-9b3d5de0620f" />
    <UnitTestResult executionId="d2872775-18df-4052-b4a6-9cdce49694b8" testId="160cddab-58ed-bd06-1714-25d90415433d" testName="Qos.Service.Tests.MediaArtworkCacheKeyTests.Build_ChangesWhenTrackIdentityChanges(title: &quot;Next Song&quot;, artist: &quot;Artist&quot;, album: &quot;Album&quot;)" computerName="studio" duration="00:00:00.0000017" startTime="2026-05-15T22:10:07.6529790-07:00" endTime="2026-05-15T22:10:07.6529980-07:00" testType="13cdc9d9-ddb5-4fa4-a97d-d965ccfc6d4b" outcome="Passed" testListId="8c84fa94-04c1-424b-9868-57a2d4851a1d" relativeResultsDirectory="d2872775-18df-4052-b4a6-9cdce49694b8" />
    <UnitTestResult executionId="2fae0681-04da-4dc6-ab7e-d1d6589913d4" testId="42bfcad9-be7f-80de-68a6-4a328aeb326b" testName="Qos.Service.Tests.UsbEnumeratorTests.Linux_Reads_Full_Device_Tree" computerName="studio" duration="00:00:00.0048383" startTime="2026-05-15T22:10:07.6670830-07:00" endTime="2026-05-15T22:10:07.6722850-07:00" testType="13cdc9d9-ddb5-4fa4-a97d-d965ccfc6d4b" outcome="Passed" testListId="8c84fa94-04c1-424b-9868-57a2d4851a1d" relativeResultsDirectory="2fae0681-04da-4dc6-ab7e-d1d6589913d4" />
    <UnitTestResult executionId="5618e357-e0a4-4afd-a508-ffba0478ac78" testId="bb117373-34b7-95d1-4d66-913d016c61ff" testName="Qos.Service.Tests.AtomicJsonFileTests.Write_bytes_replaces_existing_file" computerName="studio" duration="00:00:00.0009648" startTime="2026-05-15T22:10:07.6535100-07:00" endTime="2026-05-15T22:10:07.6550590-07:00" testType="13cdc9d9-ddb5-4fa4-a97d-d965ccfc6d4b" outcome="Passed" testListId="8c84fa94-04c1-424b-9868-57a2d4851a1d" relativeResultsDirectory="5618e357-e0a4-4afd-a508-ffba0478ac78" />
    <UnitTestResult executionId="2ac06136-c80b-4224-8e57-fded97774067" testId="1db766ab-884d-5227-c004-6a13c53fb917" testName="Qos.Service.Tests.RazerMousePeripheralTests.SetDpi_ClampsToMaxDpi" computerName="studio" duration="00:00:00.0311229" startTime="2026-05-15T22:10:07.7655400-07:00" endTime="2026-05-15T22:10:07.7979650-07:00" testType="13cdc9d9-ddb5-4fa4-a97d-d965ccfc6d4b" outcome="Passed" testListId="8c84fa94-04c1-424b-9868-57a2d4851a1d" relativeResultsDirectory="2ac06136-c80b-4224-8e57-fded97774067" />
    <UnitTestResult executionId="91f51850-c912-4389-8981-35b2edf0a37d" testId="5101f368-2257-3ab8-e35d-077375548cbb" testName="Qos.Service.Tests.Integration.AotJsonSafetyTests.AppJsonContext_HasReasonableCoverage" computerName="studio" duration="00:00:00.0000757" startTime="2026-05-15T22:10:07.6989130-07:00" endTime="2026-05-15T22:10:07.6989490-07:00" testType="13cdc9d9-ddb5-4fa4-a97d-d965ccfc6d4b" outcome="Passed" testListId="8c84fa94-04c1-424b-9868-57a2d4851a1d" relativeResultsDirectory="91f51850-c912-4389-8981-35b2edf0a37d" />
    <UnitTestResult executionId="4f18da71-46d7-4dc5-86c9-15d540156f23" testId="d31ff9de-a742-f4d5-8d6f-50848af616e0" testName="Qos.Service.Tests.FanProfilesTests.DerivePresetFromCurves_ReturnsOffWhenNothingAttached" computerName="studio" duration="00:00:00.0012902" startTime="2026-05-15T22:10:07.6563440-07:00" endTime="2026-05-15T22:10:07.6567510-07:00" testType="13cdc9d9-ddb5-4fa4-a97d-d965ccfc6d4b" outcome="Passed" testListId="8c84fa94-04c1-424b-9868-57a2d4851a1d" relativeResultsDirectory="4f18da71-46d7-4dc5-86c9-15d540156f23" />
    <UnitTestResult executionId="b061cc35-57c6-4f51-b5c6-aec68aeda0f0" testId="9d9e25d9-0b20-2302-576d-0ca6479e5a40" testName="Qos.Service.Tests.JsonConfigStoreDebounceTests.Reload_ClearsCache" computerName="studio" duration="00:00:00.0888293" startTime="2026-05-15T22:10:07.5650960-07:00" endTime="2026-05-15T22:10:07.6336940-07:00" testType="13cdc9d9-ddb5-4fa4-a97d-d965ccfc6d4b" outcome="Passed" testListId="8c84fa94-04c1-424b-9868-57a2d4851a1d" relativeResultsDirectory="b061cc35-57c6-4f51-b5c6-aec68aeda0f0" />
    <UnitTestResult executionId="9d88fda0-0fd5-438d-93ab-1e914c6e3a88" testId="f46f4a6a-077a-5e9a-773c-1e376de5aad0" testName="Qos.Service.Tests.LightingPostProcessTests.UpdateScreenEffect_PersistsFlipFlags" computerName="studio" duration="00:00:00.0081987" startTime="2026-05-15T22:10:07.6428130-07:00" endTime="2026-05-15T22:10:07.6506600-07:00" testType="13cdc9d9-ddb5-4fa4-a97d-d965ccfc6d4b" outcome="Passed" testListId="8c84fa94-04c1-424b-9868-57a2d4851a1d" relativeResultsDirectory="9d88fda0-0fd5-438d-93ab-1e914c6e3a88" />
    <UnitTestResult executionId="7f805868-6af8-49de-8d61-354dd631e5cd" testId="832bebd2-98ba-0ecb-4523-3227e0d298d2" testName="Qos.Service.Tests.PeripheralRegistryTests.GetAll_CreatesCorsairPeripheralForRecognizedPid" computerName="studio" duration="00:00:00.0001778" startTime="2026-05-15T22:10:07.6531090-07:00" endTime="2026-05-15T22:10:07.6535240-07:00" testType="13cdc9d9-ddb5-4fa4-a97d-d965ccfc6d4b" outcome="Passed" testListId="8c84fa94-04c1-424b-9868-57a2d4851a1d" relativeResultsDirectory="7f805868-6af8-49de-8d61-354dd631e5cd" />
    <UnitTestResult executionId="1f01f109-ffbd-4b6a-a070-a218bf6bb313" testId="6f18311d-faa6-2fc9-ad9f-0ae7ed8e50cd" testName="Qos.Service.Tests.FirmwareStoreTests.LoadLocalManifestAsync_returns_null_when_missing" computerName="studio" duration="00:00:00.0013110" startTime="2026-05-15T22:10:07.6528010-07:00" endTime="2026-05-15T22:10:07.6545610-07:00" testType="13cdc9d9-ddb5-4fa4-a97d-d965ccfc6d4b" outcome="Passed" testListId="8c84fa94-04c1-424b-9868-57a2d4851a1d" relativeResultsDirectory="1f01f109-ffbd-4b6a-a070-a218bf6bb313" />
    <UnitTestResult executionId="c802983a-74bc-4a48-be72-c9aff212913d" testId="990a1e85-dcce-f377-89d9-a048b5f8dfea" testName="Qos.Service.Tests.AtomicJsonFileTests.Write_string_creates_file_with_contents" computerName="studio" duration="00:00:00.0004383" startTime="2026-05-15T22:10:07.6558420-07:00" endTime="2026-05-15T22:10:07.6565080-07:00" testType="13cdc9d9-ddb5-4fa4-a97d-d965ccfc6d4b" outcome="Passed" testListId="8c84fa94-04c1-424b-9868-57a2d4851a1d" relativeResultsDirectory="c802983a-74bc-4a48-be72-c9aff212913d" />
    <UnitTestResult executionId="2aff454f-856a-4290-9246-4b91b56c10b4" testId="fe153a24-1836-2479-6568-762f1ebaf8c9" testName="Qos.Service.Tests.DeviceDetectionTests.CnvsHandler_RecognizesAllVariants(productId: 3071)" computerName="studio" duration="00:00:00.0002078" startTime="2026-05-15T22:10:07.7050100-07:00" endTime="2026-05-15T22:10:07.7051650-07:00" testType="13cdc9d9-ddb5-4fa4-a97d-d965ccfc6d4b" outcome="Passed" testListId="8c84fa94-04c1-424b-9868-57a2d4851a1d" relativeResultsDirectory="2aff454f-856a-4290-9246-4b91b56c10b4" />
    <UnitTestResult executionId="a7841cb8-fb85-4fcd-a897-5a2fccc012ed" testId="4fc8956a-742a-a404-b018-4c898dedce9b" testName="Qos.Service.Tests.MediaLibrarySecurityTests.IsValidId_BlocksPathTraversalIds(id: &quot;nested/path&quot;)" computerName="studio" duration="00:00:00.0000007" startTime="2026-05-15T22:10:07.7458220-07:00" endTime="2026-05-15T22:10:07.7458430-07:00" testType="13cdc9d9-ddb5-4fa4-a97d-d965ccfc6d4b" outcome="Passed" testListId="8c84fa94-04c1-424b-9868-57a2d4851a1d" relativeResultsDirectory="a7841cb8-fb85-4fcd-a897-5a2fccc012ed" />
    <UnitTestResult executionId="1934b167-89ae-4a6c-b1eb-bf257cd72856" testId="b9d68156-2bc4-47a8-4b20-0db68f20be05" testName="Qos.Service.Tests.Lighting.LedUvComputerTests.MatrixWithGaps_UnmappedLedsGetLinearFallback" computerName="studio" duration="00:00:00.0003796" startTime="2026-05-15T22:10:07.6717440-07:00" endTime="2026-05-15T22:10:07.6720460-07:00" testType="13cdc9d9-ddb5-4fa4-a97d-d965ccfc6d4b" outcome="Passed" testListId="8c84fa94-04c1-424b-9868-57a2d4851a1d" relativeResultsDirectory="1934b167-89ae-4a6c-b1eb-bf257cd72856" />
    <UnitTestResult executionId="daba3ea9-1db4-4f73-9345-7129b1de41f0" testId="5b6c81bd-e5d1-4a93-59a1-7efe3083e56c" testName="Qos.Service.Tests.PanelPhonePairingServiceTests.Claim_ReturnsMachineNameForLegacyPairLinks" computerName="studio" duration="00:00:00.0088797" startTime="2026-05-15T22:10:08.8226900-07:00" endTime="2026-05-15T22:10:08.8308400-07:00" testType="13cdc9d9-ddb5-4fa4-a97d-d965ccfc6d4b" outcome="Passed" testListId="8c84fa94-04c1-424b-9868-57a2d4851a1d" relativeResultsDirectory="daba3ea9-1db4-4f73-9345-7129b1de41f0" />
[...]
    <TestEntry testId="82138e4f-b5a8-a7cc-3ded-d2f992be0295" executionId="cd8e3f02-0702-4618-8b6c-ddd21f0eb167" testListId="8c84fa94-04c1-424b-9868-57a2d4851a1d" />
    <TestEntry testId="cfd23990-157e-ae9a-4000-8d065c404e3d" executionId="015f5190-3b91-43bc-8b52-262058ccedeb" testListId="8c84fa94-04c1-424b-9868-57a2d4851a1d" />
    <TestEntry testId="db659b1d-ed2d-3363-6a78-69334973620f" executionId="1f647880-1772-467d-af35-3b36a2ae7446" testListId="8c84fa94-04c1-424b-9868-57a2d4851a1d" />
    <TestEntry testId="e67dc155-e847-307b-7b13-8dd057e4d353" executionId="3b86f991-dc4a-4ede-bd62-a3dbc4fc6567" testListId="8c84fa94-04c1-424b-9868-57a2d4851a1d" />
    <TestEntry testId="ab6162b1-30b6-4dbf-15fd-d26e943a2fab" executionId="ce93185d-7af8-4dfd-a386-37501fa17bf2" testListId="8c84fa94-04c1-424b-9868-57a2d4851a1d" />
    <TestEntry testId="5f5e72be-e5dc-7cb9-80cc-691bbb12ae59" executionId="4924dd2a-1d40-4c75-8fcd-9241f6333164" testListId="8c84fa94-04c1-424b-9868-57a2d4851a1d" />
    <TestEntry testId="809f00ee-721c-85ce-95a1-7308b89643fe" executionId="2adc4104-9610-4caf-9d55-011f6ac32f37" testListId="8c84fa94-04c1-424b-9868-57a2d4851a1d" />
    <TestEntry testId="1bde0f2d-3b6e-283c-d215-1a86d97fabe3" executionId="81f0e0cc-53cb-4c8c-8a8b-733cd99f48f1" testListId="8c84fa94-04c1-424b-9868-57a2d4851a1d" />
    <TestEntry testId="36065364-5b35-2255-dd96-57bb53e92000" executionId="aae73b94-c5df-463a-a1f7-f3e74b78dbc4" testListId="8c84fa94-04c1-424b-9868-57a2d4851a1d" />
    <TestEntry testId="bbc17956-ae18-5a04-29b6-4992f1b5286d" executionId="88d718b2-b7ba-4241-a971-2065ed9eec7d" testListId="8c84fa94-04c1-424b-9868-57a2d4851a1d" />
    <TestEntry testId="3096dc01-94e3-6bb5-c983-b08133c38e24" executionId="e35ee50f-5a4f-445d-8d2a-77959ff7a4d0" testListId="8c84fa94-04c1-424b-9868-57a2d4851a1d" />
    <TestEntry testId="9cfbee28-5ea3-86ee-45ae-1f78e015e208" executionId="5898bba5-618b-4ce1-b0ba-3918584d5873" testListId="8c84fa94-04c1-424b-9868-57a2d4851a1d" />
    <TestEntry testId="65ea5715-38e5-9d89-272f-5001a661dada" executionId="8c3d93f8-af5f-43d2-8a6b-2855fec01b10" testListId="8c84fa94-04c1-424b-9868-57a2d4851a1d" />
    <TestEntry testId="9ef3102b-f507-eb76-3e37-d1df411030fe" executionId="336c1883-ae59-4a60-8672-735c41fc4733" testListId="8c84fa94-04c1-424b-9868-57a2d4851a1d" />
    <TestEntry testId="40acfe4d-aedb-feed-6863-0f7b452ec29f" executionId="9d39d195-8aac-4758-8a4a-1254ea80f34e" testListId="8c84fa94-04c1-424b-9868-57a2d4851a1d" />
    <TestEntry testId="72c049c9-aa2b-c85c-96d9-7d79c28478ee" executionId="ef9f3268-64b9-4aa3-a0c1-0e6507f056e8" testListId="8c84fa94-04c1-424b-9868-57a2d4851a1d" />
    <TestEntry testId="76f72579-3ae5-1087-ac0b-c0b8c97ee838" executionId="edef67b5-0826-4ace-9f2c-5327280914f1" testListId="8c84fa94-04c1-424b-9868-57a2d4851a1d" />
    <TestEntry testId="81d662e3-bfb7-4d32-c270-0409488ab142" executionId="7d79ffe9-6954-4c09-ab3a-509dd3b4bf59" testListId="8c84fa94-04c1-424b-9868-57a2d4851a1d" />
    <TestEntry testId="bfcd5b73-1457-5e5d-52d4-ceba497bb0aa" executionId="ae117ed2-2dc8-4096-8bca-c69bdbbc0d14" testListId="8c84fa94-04c1-424b-9868-57a2d4851a1d" />
    <TestEntry testId="5393abdf-2f92-b41f-76dc-c1800d669dc8" executionId="6564c708-870c-49d0-8601-9213befafeb2" testListId="8c84fa94-04c1-424b-9868-57a2d4851a1d" />
    <TestEntry testId="251a15da-89f5-69c7-195a-fa99849055c0" executionId="40822719-30f7-489d-b67d-db72173ffc66" testListId="8c84fa94-04c1-424b-9868-57a2d4851a1d" />
    <TestEntry testId="5ffe6414-1a43-9a1c-89ad-e95a6c3b3087" executionId="3b574e79-cada-4116-bae3-887a8b2c5371" testListId="8c84fa94-04c1-424b-9868-57a2d4851a1d" />
    <TestEntry testId="3ac8051b-d32b-1c16-6cc0-3f41ba9cf25d" executionId="b9e3b5f4-6fd8-42e7-974d-61808ca69c71" testListId="8c84fa94-04c1-424b-9868-57a2d4851a1d" />
    <TestEntry testId="ca8d7ca2-f09f-c106-1c61-ea1706fea927" executionId="21cab996-4cc0-47e9-ae5c-ec840e226db0" testListId="8c84fa94-04c1-424b-9868-57a2d4851a1d" />
    <TestEntry testId="167cbea1-d706-e899-3e9b-904b27522924" executionId="474f1679-522c-4f97-9ce8-87b0126d1848" testListId="8c84fa94-04c1-424b-9868-57a2d4851a1d" />
    <TestEntry testId="a83edaf8-cd0b-e082-3041-e11f761e913c" executionId="4cb67fb6-65e1-4edf-9931-7807f9d936a3" testListId="8c84fa94-04c1-424b-9868-57a2d4851a1d" />
    <TestEntry testId="6a424269-29f5-65c1-2c56-1ee7530d909d" executionId="986a0d49-2828-4502-997a-9506e4b9df4d" testListId="8c84fa94-04c1-424b-9868-57a2d4851a1d" />
    <TestEntry testId="830ca50f-fd26-1737-fa6f-61d9732571e9" executionId="6bf64384-543e-45a3-89a1-5fe35471c853" testListId="8c84fa94-04c1-424b-9868-57a2d4851a1d" />
    <TestEntry testId="0b79f119-889b-371b-bd6d-47dd429c64e8" executionId="44cc1aee-d80f-4253-a719-5cc1a27c14bf" testListId="8c84fa94-04c1-424b-9868-57a2d4851a1d" />
    <TestEntry testId="3dc00757-c2b9-c0ee-3568-a05e1a3146a2" executionId="3d6a4821-58c1-4dc2-a58e-002404b2226b" testListId="8c84fa94-04c1-424b-9868-57a2d4851a1d" />
    <TestEntry testId="403b480f-269f-f18a-adee-8774a79f7ded" executionId="612abff1-2f8d-4a09-9e05-a98facf9f623" testListId="8c84fa94-04c1-424b-9868-57a2d4851a1d" />
    <TestEntry testId="a63dc37d-cff0-68ed-d8f9-523745daec17" executionId="9625a5b9-9f22-4454-898c-db4870e83576" testListId="8c84fa94-04c1-424b-9868-57a2d4851a1d" />
    <TestEntry testId="bd1845c7-3aeb-56bd-ba3e-ef9d2f232a22" executionId="8724fba7-44a6-4002-9520-586abf41bb8e" testListId="8c84fa94-04c1-424b-9868-57a2d4851a1d" />
    <TestEntry testId="2911cf1a-4565-b958-fc75-42edb838d3db" executionId="fee2b39f-f194-4ae8-826f-3dd567e342b6" testListId="8c84fa94-04c1-424b-9868-57a2d4851a1d" />
    <TestEntry testId="30d62783-daad-245c-f9cb-3a0fe2c0afd4" executionId="6b11925b-3b21-4118-8244-f361316d7dfa" testListId="8c84fa94-04c1-424b-9868-57a2d4851a1d" />
    <TestEntry testId="bdd7dd26-690a-cf1d-9af7-bb61262f0428" executionId="0be549da-a2e6-45b2-bf2b-7d274ac62622" testListId="8c84fa94-04c1-424b-9868-57a2d4851a1d" />
    <TestEntry testId="52914a59-d27e-671f-10d3-3631663a0f0f" executionId="9c57e3b8-aea5-4013-a93d-3f19a3e33a3d" testListId="8c84fa94-04c1-424b-9868-57a2d4851a1d" />
    <TestEntry testId="fc95991f-a382-b5d9-2e2d-6f8f0ded1127" executionId="fd587ecc-c56b-4b44-8741-dd9d4b854a75" testListId="8c84fa94-04c1-424b-9868-57a2d4851a1d" />
    <TestEntry testId="d125edc4-bc5f-e511-bc41-39251bda979f" executionId="8a68c648-e65e-421c-9365-6d19fe6f38dd" testListId="8c84fa94-04c1-424b-9868-57a2d4851a1d" />
    <TestEntry testId="981d84d1-f22f-1170-c8cb-3b0bedaeb3a7" executionId="2444a04d-5130-4f4d-9502-b95cf1269ebf" testListId="8c84fa94-04c1-424b-9868-57a2d4851a1d" />
    <TestEntry testId="fa53a4e5-abd4-6f10-bdf9-35c0186cebd2" executionId="6436ce50-d311-4658-8836-a50999b07549" testListId="8c84fa94-04c1-424b-9868-57a2d4851a1d" />
    <TestEntry testId="ff54cb36-f537-b182-011d-adb64a634f6f" executionId="3bccbfb8-8ba9-447f-8c40-cface6b4dc4b" testListId="8c84fa94-04c1-424b-9868-57a2d4851a1d" />
    <TestEntry testId="8a7d7339-51e0-3b1a-ff36-752df2bc9fe6" executionId="3d46f37c-f36f-4d72-b6b1-63c3474ccd2c" testListId="8c84fa94-04c1-424b-9868-57a2d4851a1d" />
    <TestEntry testId="b913cb0e-bc05-1098-7433-6513dad48d3c" executionId="8ec6ad19-f14f-4fd8-a2fd-1ec3566bb04c" testListId="8c84fa94-04c1-424b-9868-57a2d4851a1d" />
    <TestEntry testId="a037e553-b81d-34bf-c461-c57b11a84c63" executionId="97148a7b-5f25-4066-909d-30f06871b273" testListId="8c84fa94-04c1-424b-9868-57a2d4851a1d" />
    <TestEntry testId="a4e4383d-5883-7ec1-2a55-48b3b4940eb6" executionId="c6d9996c-4c9d-4c09-944c-9b2f58d4efbb" testListId="8c84fa94-04c1-424b-9868-57a2d4851a1d" />
    <TestEntry testId="5bfd7581-dda0-9aaa-60cf-d9242270c3a4" executionId="6bbd9bcf-e51a-4bb6-9be2-fa0ece454d4f" testListId="8c84fa94-04c1-424b-9868-57a2d4851a1d" />
    <TestEntry testId="4260015e-4282-0d54-d262-30420aac848b" executionId="9f3b5cc7-8b75-4dc3-9641-e606ae6c9db3" testListId="8c84fa94-04c1-424b-9868-57a2d4851a1d" />
    <TestEntry testId="a91769dc-dc58-c907-7d30-98e255f14cb4" executionId="afe20759-c167-420e-90d2-d5489475244b" testListId="8c84fa94-04c1-424b-9868-57a2d4851a1d" />
    <TestEntry testId="fc49fc67-d1f5-d986-632e-8a37136eb4c7" executionId="7b46f9f3-be29-4600-881b-8987522af9e9" testListId="8c84fa94-04c1-424b-9868-57a2d4851a1d" />
    <TestEntry testId="3ac8051b-d32b-1c16-6cc0-3f41ba9cf25d" executionId="10ad6840-5981-4ecd-8d54-074bed94b303" testListId="8c84fa94-04c1-424b-9868-57a2d4851a1d" />
    <TestEntry testId="7331433d-c56f-0f6c-f77e-36d1b46382b3" executionId="b641ba2d-c821-4b75-a31f-8e3dfabc8a47" testListId="8c84fa94-04c1-424b-9868-57a2d4851a1d" />
    <TestEntry testId="9d059d4b-3f69-d515-6686-b1c657e305c1" executionId="8e3daa62-45ee-4a17-9cdc-e0ff26418c53" testListId="8c84fa94-04c1-424b-9868-57a2d4851a1d" />
    <TestEntry testId="243e8e91-d580-33fe-601a-f9e4c0cafbf1" executionId="bb727d7f-2964-40a1-8765-e86a2b017d17" testListId="8c84fa94-04c1-424b-9868-57a2d4851a1d" />
    <TestEntry testId="dd199fda-7707-50cb-c6c6-2d257ba8f643" executionId="b88d2a7e-a6e4-4802-93e9-7fa0b833c9e9" testListId="8c84fa94-04c1-424b-9868-57a2d4851a1d" />
    <TestEntry testId="ebd1e5c9-991d-0b03-766f-23151e27f05d" executionId="92c7163d-869e-4771-b9d5-386f75377222" testListId="8c84fa94-04c1-424b-9868-57a2d4851a1d" />
    <TestEntry testId="f6071bae-d9d8-0e75-925e-09bc81683e99" executionId="99997fab-6a7a-4abc-84c5-46f4b9067335" testListId="8c84fa94-04c1-424b-9868-57a2d4851a1d" />
    <TestEntry testId="547b50df-8c34-6b57-f8da-1ac4d6d5180f" executionId="ed634967-eadf-42c1-8520-da1ccf39ab7e" testListId="8c84fa94-04c1-424b-9868-57a2d4851a1d" />
    <TestEntry testId="1cb0dd42-41af-a85d-f554-817bc6c53061" executionId="a71fab09-3948-4e3a-83d8-ce6898425382" testListId="8c84fa94-04c1-424b-9868-57a2d4851a1d" />
    <TestEntry testId="f4600a44-c283-78a6-796d-675c91fb8bf3" executionId="f9959de9-0216-4c45-9e85-bb0f03b10bf6" testListId="8c84fa94-04c1-424b-9868-57a2d4851a1d" />
    <TestEntry testId="1f999598-6755-0850-32bf-049545603834" executionId="92cb3c74-c7ec-4e29-bc4e-b057a66ff685" testListId="8c84fa94-04c1-424b-9868-57a2d4851a1d" />
    <TestEntry testId="93648c47-ac5a-a3bb-fc40-f6d198f749f5" executionId="d9f0cd9c-13da-410c-865e-28492ff97745" testListId="8c84fa94-04c1-424b-9868-57a2d4851a1d" />
    <TestEntry testId="ed6b07d4-bbf4-81e8-f7de-352e5a96935b" executionId="9a69980a-9b1e-4dd5-be58-62cbbc596b57" testListId="8c84fa94-04c1-424b-9868-57a2d4851a1d" />
    <TestEntry testId="bd1845c7-3aeb-56bd-ba3e-ef9d2f232a22" executionId="54407286-1987-4a02-84c1-d5594c14f8e3" testListId="8c84fa94-04c1-424b-9868-57a2d4851a1d" />
    <TestEntry testId="d647d655-9df2-558a-cbaf-95671fbbaa31" executionId="1e1e3f55-916d-437d-9b24-5fc8edc06cf0" testListId="8c84fa94-04c1-424b-9868-57a2d4851a1d" />
    <TestEntry testId="56d2b657-5776-5257-6efc-c2fe3794fee5" executionId="3edbe542-d2a9-442d-923c-a62647497986" testListId="8c84fa94-04c1-424b-9868-57a2d4851a1d" />
    <TestEntry testId="6fe77aa6-8809-f0a5-f38f-c9f3a466917a" executionId="e9aaed31-f48a-4b99-a6a9-586684dbda63" testListId="8c84fa94-04c1-424b-9868-57a2d4851a1d" />
    <TestEntry testId="ca8d7ca2-f09f-c106-1c61-ea1706fea927" executionId="8260b6c8-11c8-4823-b5b3-b17c8e3a535e" testListId="8c84fa94-04c1-424b-9868-57a2d4851a1d" />
    <TestEntry testId="56228e0f-4e8c-8fbc-b457-47e008c6a3cd" executionId="4e067eeb-af78-476c-8f4a-04d031f927ae" testListId="8c84fa94-04c1-424b-9868-57a2d4851a1d" />
    <TestEntry testId="7cc7750a-0718-8266-63b6-50ecc2868aa6" executionId="3567fe86-33ca-43b3-8fea-83fb9f486c63" testListId="8c84fa94-04c1-424b-9868-57a2d4851a1d" />
    <TestEntry testId="5d590d93-f3d6-22b4-921a-faa7f96d3bab" executionId="e0b36c62-f61e-405e-aa36-90aece8987d7" testListId="8c84fa94-04c1-424b-9868-57a2d4851a1d" />
    <TestEntry testId="9329aa9b-3f91-9a7f-78b8-3ffd04b0c03d" executionId="b6aa0c9b-4ee7-4241-9a9c-7d4adcab2cbb" testListId="8c84fa94-04c1-424b-9868-57a2d4851a1d" />
    <TestEntry testId="35269ee0-1467-9ffc-955b-0cb428a276a0" executionId="5ec75a7b-6456-4daf-9631-8a92854e0390" testListId="8c84fa94-04c1-424b-9868-57a2d4851a1d" />
    <TestEntry testId="69c5d0fb-f200-a435-c0b5-a216c9d10adf" executionId="52dfcdbb-6fd2-4e73-a4d3-121dd7ab197e" testListId="8c84fa94-04c1-424b-9868-57a2d4851a1d" />
    <TestEntry testId="4e4b40d6-7fb8-8a59-c0ca-828219bee551" executionId="23a7a3b3-ff56-4cc0-a0f5-be3a5bbf91ae" testListId="8c84fa94-04c1-424b-9868-57a2d4851a1d" />
    <TestEntry testId="833ee52f-26e8-9fab-1aab-1859684f651f" executionId="09387a9c-d331-4d5e-925d-f05ed06590a6" testListId="8c84fa94-04c1-424b-9868-57a2d4851a1d" />
    <TestEntry testId="0474a6ea-bcde-a143-3dd6-d9af4ac72b4b" executionId="cec4e38d-3afa-4825-9b73-eab4e276890f" testListId="8c84fa94-04c1-424b-9868-57a2d4851a1d" />
    <TestEntry testId="8b980a97-a3c6-cbee-6f66-5b54f257e4d8" executionId="ae7ea0ea-7046-4e4c-9d0d-2c27f73fa8fc" testListId="8c84fa94-04c1-424b-9868-57a2d4851a1d" />
    <TestEntry testId="f1cd30c4-915a-4b9a-7fb0-fc6fd599d69e" executionId="372e0aae-e678-440a-be5d-306b07c3b44b" testListId="8c84fa94-04c1-424b-9868-57a2d4851a1d" />
    <TestEntry testId="1894d7cd-38e4-f667-3c1a-8172fc8037cc" executionId="20f32e0c-7f0a-41aa-ba10-af7218bfde5b" testListId="8c84fa94-04c1-424b-9868-57a2d4851a1d" />
    <TestEntry testId="c8612588-a0ce-722a-3b7b-dec570c2d3c6" executionId="78f05008-ba99-4dcc-a034-6b80f3d71505" testListId="8c84fa94-04c1-424b-9868-57a2d4851a1d" />
    <TestEntry testId="bb6016d8-951d-62c7-60d9-7d7515c4e424" executionId="de5dd937-2ceb-48d0-ad97-529b1352c8d5" testListId="8c84fa94-04c1-424b-9868-57a2d4851a1d" />
    <TestEntry testId="381d40ba-23c6-55e7-0ec6-02ad52103a2f" executionId="8ed83e15-01b1-482d-ad9e-1eac30045ae6" testListId="8c84fa94-04c1-424b-9868-57a2d4851a1d" />
    <TestEntry testId="59cc8fe8-1fb1-38af-2d42-95d62697f834" executionId="6fccbc55-63bf-4b38-8887-48bd3540783b" testListId="8c84fa94-04c1-424b-9868-57a2d4851a1d" />
    <TestEntry testId="0647ba34-f38a-164f-a2e5-95d84024a4e1" executionId="61c36fea-89b7-4bb5-914b-4a6a9cba8247" testListId="8c84fa94-04c1-424b-9868-57a2d4851a1d" />
    <TestEntry testId="5f0b19c5-4e70-373c-03ae-7ac1863ddecd" executionId="9b7e8f05-5753-475a-b8a6-5847d97aaa9c" testListId="8c84fa94-04c1-424b-9868-57a2d4851a1d" />
    <TestEntry testId="26f62d68-ee9c-d9bc-bccc-56da4c956952" executionId="203dd997-1f19-4700-a801-28e58ac19f09" testListId="8c84fa94-04c1-424b-9868-57a2d4851a1d" />
    <TestEntry testId="3ac8051b-d32b-1c16-6cc0-3f41ba9cf25d" executionId="f92a3207-5b10-4f55-9243-34fcd6fb7e9b" testListId="8c84fa94-04c1-424b-9868-57a2d4851a1d" />
    <TestEntry testId="c79ef269-cbd6-9a45-2096-8fb8eee7eb3e" executionId="624b11a1-2c0e-4bf2-b682-ba07b22a38f3" testListId="8c84fa94-04c1-424b-9868-57a2d4851a1d" />
    <TestEntry testId="3c7053aa-9e06-2b00-e094-c08f448bc987" executionId="79740483-26bd-4556-8e7f-c8e7738d1fb8" testListId="8c84fa94-04c1-424b-9868-57a2d4851a1d" />
    <TestEntry testId="40bdc7b4-1e3d-e650-6915-9cdb10a6e0c5" executionId="a8da0fbc-64d9-4848-a64c-eb100569c905" testListId="8c84fa94-04c1-424b-9868-57a2d4851a1d" />
    <TestEntry testId="801b4fba-850e-5b66-9afb-2530cca022c3" executionId="a3a1895b-e2de-44fe-aab1-1cf775327ccb" testListId="8c84fa94-04c1-424b-9868-57a2d4851a1d" />
    <TestEntry testId="3d47ae7a-9140-b8ed-c7da-291507d2d354" executionId="23b112c1-7688-4ed7-bbca-d13426795748" testListId="8c84fa94-04c1-424b-9868-57a2d4851a1d" />
    <TestEntry testId="a2c0e64b-a0b8-39a1-421a-047fc4bb2cce" executionId="749a43ce-90b0-4d0d-ac45-0486d999e7f3" testListId="8c84fa94-04c1-424b-9868-57a2d4851a1d" />
    <TestEntry testId="a8ab78ee-c1c1-ea21-b258-c216e160eaa8" executionId="91858db6-e81b-439c-82c9-5d649a5c1808" testListId="8c84fa94-04c1-424b-9868-57a2d4851a1d" />
    <TestEntry testId="3ac8051b-d32b-1c16-6cc0-3f41ba9cf25d" executionId="eefd4ba5-2aad-442f-a5ec-4cdd7d6a582f" testListId="8c84fa94-04c1-424b-9868-57a2d4851a1d" />
    <TestEntry testId="cc752c8e-e252-2b6b-656b-b0babeb4ece7" executionId="93399a61-e48a-4612-85c5-2ac0133170c1" testListId="8c84fa94-04c1-424b-9868-57a2d4851a1d" />
    <TestEntry testId="bae6c62d-271a-e7c7-9f17-1f78808a491b" executionId="80d8c748-3964-4f0b-85c9-106fc6ce2708" testListId="8c84fa94-04c1-424b-9868-57a2d4851a1d" />
    <TestEntry testId="830ca50f-fd26-1737-fa6f-61d9732571e9" executionId="87012da4-2238-49e0-87bd-abd5ecc627f4" testListId="8c84fa94-04c1-424b-9868-57a2d4851a1d" />
  </TestEntries>
  <TestLists>
    <TestList name="Results Not in a List" id="8c84fa94-04c1-424b-9868-57a2d4851a1d" />
    <TestList name="All Loaded Results" id="19431567-8539-422a-85d7-44ee4e166bda" />
  </TestLists>
  <ResultSummary outcome="Completed">
    <Counters total="545" executed="545" passed="545" failed="0" error="0" timeout="0" aborted="0" inconclusive="0" passedButRunAborted="0" notRunnable="0" notExecuted="0" disconnected="0" warning="0" completed="0" inProgress="0" pending="0" />
    <Output>
      <StdOut>[xUnit.net 00:00:00.00] xUnit.net VSTest Adapter v3.1.4+50e68bbb8b (64-bit .NET 10.0.8)
[xUnit.net 00:00:00.03]   Discovering: Qos.Service.Tests
[xUnit.net 00:00:00.07]   Discovered:  Qos.Service.Tests
[xUnit.net 00:00:00.11]   Starting:    Qos.Service.Tests
[multiplex-hub] snapshot provider for 'screentime' threw: boom
[service-log] writing to /Users/integretti/Library/Logs/Qos/service.log
[service-log] writing to /Users/integretti/Library/Logs/Qos/service.log
service-log-marker-727a2f91f0784d4885266269d106d5fa
[firmware-store] manifest read failed for np50: 'n' is an invalid start of a property name. Expected a '"'. Path: $ | LineNumber: 0 | BytePositionInLine: 1.
[widgets] skipping /var/folders/lt/t9t0m5017qn23yl20dl0kmgr0000gn/T/qos-widgets-tests-90889e39/com.nexusqos.fixture-basic: JsonException: 'n' is an invalid start of a property name. Expected a '"'. Path: $ | LineNumber: 0 | BytePositionInLine: 2.
[gpu] macOS: CGL create core context
[gpu] GL ready
[gpu] OpenGL context ready (160x90)
[gpu] macOS: CGL create core context
[gpu] GL ready
[gpu] OpenGL context ready (160x90)
[gpu/plasma] RenderFrame threw: System.InvalidOperationException: The collection has been marked as complete with regards to additions.
   at System.Collections.Concurrent.BlockingCollection`1.TryAddWithNoTimeValidation(T item, Int32 millisecondsTimeout, CancellationToken cancellationToken)
   at System.Collections.Concurrent.BlockingCollection`1.Add(T item)
   at Qos.Service.Lighting.Engine.Gpu.GpuContext.Invoke(Action work)
   at Qos.Service.Lighting.Engine.Gpu.ShaderEffect.RenderFrameInternal(CanvasBuffer canvas, Double tickMs)
   at Qos.Service.Lighting.Engine.Gpu.ShaderEffect.RenderFrame(CanvasBuffer canvas, Double tickMs)
[gpu] macOS: CGL create core context
[gpu] GL ready
[gpu] OpenGL context ready (160x90)
[gpu/plasma] RenderFrame threw: System.InvalidOperationException: The collection has been marked as complete with regards to additions.
   at System.Collections.Concurrent.BlockingCollection`1.TryAddWithNoTimeValidation(T item, Int32 millisecondsTimeout, CancellationToken cancellationToken)
   at System.Collections.Concurrent.BlockingCollection`1.Add(T item)
   at Qos.Service.Lighting.Engine.Gpu.GpuContext.Invoke(Action work)
   at Qos.Service.Lighting.Engine.Gpu.ShaderEffect.RenderFrameInternal(CanvasBuffer canvas, Double tickMs)
   at Qos.Service.Lighting.Engine.Gpu.ShaderEffect.RenderFrame(CanvasBuffer canvas, Double tickMs)
[gpu] macOS: CGL create core context
[gpu] GL ready
[gpu] OpenGL context ready (160x90)
[gpu/plasma] compiling shader
[gpu] CompileShader VertexShader, source length=107, last chars=&lt; a_pos;
void main() { gl_Position = vec4(a_pos, 0.0, 1.0); }&gt;
[gpu] CompileShader FragmentShader, source length=5309, last chars=&lt;th(uv));
    fragColor = vec4(finalize(col * 1.15), 1.0);
}
&gt;
[gpu/plasma] shader compiled, prog=3
[gpu/plasma] frame #1 rendered
[shell] timeout (500ms) waiting for /bin/sleep 10
[xUnit.net 00:00:58.49]   Finished:    Qos.Service.Tests
</StdOut>
    </Output>
  </ResultSummary>
</TestRun>